2020-07-25 23:38:18,715 - 4042-INFO-Starting new HTTP connection (1): api.worldweatheronline.com
2020-07-25 23:38:20,284 - 4042-DEBUG-"GET /premium/v1/weather.ashx?q=%D0%AF%D1%80%D0%BE%D1%81%D0%BB%D0%B0%D0%B2%D0%BB%D1%8C&format=json&lang=ru&cc=no&mca=no&tp=24%20%20%20%20&num_of_days=14&key=d8150a81f587454d87283717202407 HTTP/1.1" 200 None
2020-07-25 23:38:20,328 - 4042-INFO-weather is getting from api.worldweatheronline.com
2020-07-25 23:38:20,329 - 4042-INFO-data is write to file weather.tmp
2020-07-25 23:38:20,706 - 4044-INFO-Adding job tentatively -- it will be properly scheduled when the scheduler starts
2020-07-25 23:38:20,707 - 4044-INFO-Added job "GetForecastFromAPI" to job store "default"
2020-07-25 23:38:20,707 - 4044-INFO-Scheduler started
2020-07-25 23:38:20,707 - 4044-DEBUG-Looking for jobs to run
2020-07-25 23:38:20,707 - 4044-DEBUG-Next wakeup is due at 2020-07-26 00:38:20.706269+03:00 (in 3599.998788 seconds)
2020-07-25 23:38:20,712 - 4044-INFO-Starting new HTTPS connection (1): api.telegram.org
2020-07-25 23:38:22,709 - 4044-DEBUG-"GET /bot1203580943:AAFBS6IOcoZ5mdZGoOZX7DUycRlWmY6ibkc/getUpdates?offset=1 HTTP/1.1" 200 23
2020-07-25 23:38:27,279 - 4044-DEBUG-"GET /bot1203580943:AAFBS6IOcoZ5mdZGoOZX7DUycRlWmY6ibkc/getUpdates?offset=1 HTTP/1.1" 200 23
2020-07-25 23:38:27,768 - 4044-DEBUG-"GET /bot1203580943:AAFBS6IOcoZ5mdZGoOZX7DUycRlWmY6ibkc/getUpdates?offset=1 HTTP/1.1" 200 23
2020-07-25 23:38:31,929 - 4044-DEBUG-"GET /bot1203580943:AAFBS6IOcoZ5mdZGoOZX7DUycRlWmY6ibkc/getUpdates?offset=1 HTTP/1.1" 200 23
2020-07-25 23:38:32,609 - 4044-DEBUG-"GET /bot1203580943:AAFBS6IOcoZ5mdZGoOZX7DUycRlWmY6ibkc/getUpdates?offset=1 HTTP/1.1" 200 23
2020-07-25 23:38:35,956 - 4044-DEBUG-"GET /bot1203580943:AAFBS6IOcoZ5mdZGoOZX7DUycRlWmY6ibkc/getUpdates?offset=1 HTTP/1.1" 200 23
2020-07-25 23:38:36,650 - 4044-DEBUG-"GET /bot1203580943:AAFBS6IOcoZ5mdZGoOZX7DUycRlWmY6ibkc/getUpdates?offset=1 HTTP/1.1" 200 23
2020-07-25 23:38:40,412 - 4044-DEBUG-"GET /bot1203580943:AAFBS6IOcoZ5mdZGoOZX7DUycRlWmY6ibkc/getUpdates?offset=1 HTTP/1.1" 200 23
2020-07-25 23:38:41,041 - 4044-DEBUG-"GET /bot1203580943:AAFBS6IOcoZ5mdZGoOZX7DUycRlWmY6ibkc/getUpdates?offset=1 HTTP/1.1" 200 23
2020-07-25 23:38:44,956 - 4044-DEBUG-"GET /bot1203580943:AAFBS6IOcoZ5mdZGoOZX7DUycRlWmY6ibkc/getUpdates?offset=1 HTTP/1.1" 200 23
2020-07-25 23:38:45,629 - 4044-DEBUG-"GET /bot1203580943:AAFBS6IOcoZ5mdZGoOZX7DUycRlWmY6ibkc/getUpdates?offset=1 HTTP/1.1" 200 23
2020-07-25 23:38:49,203 - 4044-DEBUG-"GET /bot1203580943:AAFBS6IOcoZ5mdZGoOZX7DUycRlWmY6ibkc/getUpdates?offset=1 HTTP/1.1" 200 23
2020-07-25 23:38:49,384 - 4044-DEBUG-"GET /bot1203580943:AAFBS6IOcoZ5mdZGoOZX7DUycRlWmY6ibkc/getUpdates?offset=1 HTTP/1.1" 200 23
2020-07-25 23:38:52,541 - 4044-DEBUG-"GET /bot1203580943:AAFBS6IOcoZ5mdZGoOZX7DUycRlWmY6ibkc/getUpdates?offset=1 HTTP/1.1" 200 23
2020-07-25 23:38:52,731 - 4044-DEBUG-"GET /bot1203580943:AAFBS6IOcoZ5mdZGoOZX7DUycRlWmY6ibkc/getUpdates?offset=1 HTTP/1.1" 200 23
2020-07-25 23:38:56,179 - 4044-DEBUG-"GET /bot1203580943:AAFBS6IOcoZ5mdZGoOZX7DUycRlWmY6ibkc/getUpdates?offset=1 HTTP/1.1" 200 23
2020-07-25 23:38:56,484 - 4044-DEBUG-"GET /bot1203580943:AAFBS6IOcoZ5mdZGoOZX7DUycRlWmY6ibkc/getUpdates?offset=1 HTTP/1.1" 200 23
2020-07-25 23:39:00,320 - 4044-DEBUG-"GET /bot1203580943:AAFBS6IOcoZ5mdZGoOZX7DUycRlWmY6ibkc/getUpdates?offset=1 HTTP/1.1" 200 23
2020-07-25 23:39:00,626 - 4044-DEBUG-"GET /bot1203580943:AAFBS6IOcoZ5mdZGoOZX7DUycRlWmY6ibkc/getUpdates?offset=1 HTTP/1.1" 200 23
2020-07-25 23:39:04,056 - 4044-DEBUG-"GET /bot1203580943:AAFBS6IOcoZ5mdZGoOZX7DUycRlWmY6ibkc/getUpdates?offset=1 HTTP/1.1" 200 23
2020-07-25 23:39:04,304 - 4044-DEBUG-"GET /bot1203580943:AAFBS6IOcoZ5mdZGoOZX7DUycRlWmY6ibkc/getUpdates?offset=1 HTTP/1.1" 200 23
2020-07-25 23:39:07,519 - 4044-DEBUG-"GET /bot1203580943:AAFBS6IOcoZ5mdZGoOZX7DUycRlWmY6ibkc/getUpdates?offset=1 HTTP/1.1" 200 23
2020-07-25 23:39:07,777 - 4044-DEBUG-"GET /bot1203580943:AAFBS6IOcoZ5mdZGoOZX7DUycRlWmY6ibkc/getUpdates?offset=1 HTTP/1.1" 200 23
2020-07-25 23:39:11,993 - 4044-DEBUG-"GET /bot1203580943:AAFBS6IOcoZ5mdZGoOZX7DUycRlWmY6ibkc/getUpdates?offset=1 HTTP/1.1" 200 23
2020-07-25 23:39:12,152 - 4044-DEBUG-"GET /bot1203580943:AAFBS6IOcoZ5mdZGoOZX7DUycRlWmY6ibkc/getUpdates?offset=1 HTTP/1.1" 200 23
2020-07-25 23:39:16,074 - 4044-DEBUG-"GET /bot1203580943:AAFBS6IOcoZ5mdZGoOZX7DUycRlWmY6ibkc/getUpdates?offset=1 HTTP/1.1" 200 23
2020-07-25 23:39:16,552 - 4044-DEBUG-"GET /bot1203580943:AAFBS6IOcoZ5mdZGoOZX7DUycRlWmY6ibkc/getUpdates?offset=1 HTTP/1.1" 200 23
2020-07-25 23:39:19,922 - 4044-DEBUG-"GET /bot1203580943:AAFBS6IOcoZ5mdZGoOZX7DUycRlWmY6ibkc/getUpdates?offset=1 HTTP/1.1" 200 23
2020-07-25 23:39:20,360 - 4044-DEBUG-"GET /bot1203580943:AAFBS6IOcoZ5mdZGoOZX7DUycRlWmY6ibkc/getUpdates?offset=1 HTTP/1.1" 200 23
2020-07-25 23:39:23,668 - 4044-DEBUG-"GET /bot1203580943:AAFBS6IOcoZ5mdZGoOZX7DUycRlWmY6ibkc/getUpdates?offset=1 HTTP/1.1" 200 23
2020-07-25 23:39:23,974 - 4044-DEBUG-"GET /bot1203580943:AAFBS6IOcoZ5mdZGoOZX7DUycRlWmY6ibkc/getUpdates?offset=1 HTTP/1.1" 200 23
2020-07-25 23:39:29,568 - 4044-DEBUG-"GET /bot1203580943:AAFBS6IOcoZ5mdZGoOZX7DUycRlWmY6ibkc/getUpdates?offset=1 HTTP/1.1" 200 23
2020-07-25 23:39:29,911 - 4044-DEBUG-"GET /bot1203580943:AAFBS6IOcoZ5mdZGoOZX7DUycRlWmY6ibkc/getUpdates?offset=1 HTTP/1.1" 200 23
2020-07-25 23:39:33,188 - 4044-DEBUG-"GET /bot1203580943:AAFBS6IOcoZ5mdZGoOZX7DUycRlWmY6ibkc/getUpdates?offset=1 HTTP/1.1" 200 23
2020-07-25 23:39:33,354 - 4044-DEBUG-"GET /bot1203580943:AAFBS6IOcoZ5mdZGoOZX7DUycRlWmY6ibkc/getUpdates?offset=1 HTTP/1.1" 200 23
2020-07-25 23:39:36,704 - 4044-DEBUG-"GET /bot1203580943:AAFBS6IOcoZ5mdZGoOZX7DUycRlWmY6ibkc/getUpdates?offset=1 HTTP/1.1" 200 23
2020-07-25 23:39:37,052 - 4044-DEBUG-"GET /bot1203580943:AAFBS6IOcoZ5mdZGoOZX7DUycRlWmY6ibkc/getUpdates?offset=1 HTTP/1.1" 200 23
2020-07-25 23:39:41,651 - 4044-DEBUG-"GET /bot1203580943:AAFBS6IOcoZ5mdZGoOZX7DUycRlWmY6ibkc/getUpdates?offset=1 HTTP/1.1" 200 23
2020-07-25 23:39:41,872 - 4044-DEBUG-"GET /bot1203580943:AAFBS6IOcoZ5mdZGoOZX7DUycRlWmY6ibkc/getUpdates?offset=1 HTTP/1.1" 200 23
2020-07-25 23:39:45,652 - 4044-DEBUG-"GET /bot1203580943:AAFBS6IOcoZ5mdZGoOZX7DUycRlWmY6ibkc/getUpdates?offset=1 HTTP/1.1" 200 23
2020-07-25 23:39:46,062 - 4044-DEBUG-"GET /bot1203580943:AAFBS6IOcoZ5mdZGoOZX7DUycRlWmY6ibkc/getUpdates?offset=1 HTTP/1.1" 200 23
2020-07-25 23:39:49,401 - 4044-DEBUG-"GET /bot1203580943:AAFBS6IOcoZ5mdZGoOZX7DUycRlWmY6ibkc/getUpdates?offset=1 HTTP/1.1" 200 23
2020-07-25 23:39:49,580 - 4044-DEBUG-"GET /bot1203580943:AAFBS6IOcoZ5mdZGoOZX7DUycRlWmY6ibkc/getUpdates?offset=1 HTTP/1.1" 200 23
2020-07-25 23:39:52,862 - 4044-DEBUG-"GET /bot1203580943:AAFBS6IOcoZ5mdZGoOZX7DUycRlWmY6ibkc/getUpdates?offset=1 HTTP/1.1" 200 23
2020-07-25 23:39:53,100 - 4044-DEBUG-"GET /bot1203580943:AAFBS6IOcoZ5mdZGoOZX7DUycRlWmY6ibkc/getUpdates?offset=1 HTTP/1.1" 200 23
2020-07-25 23:39:56,485 - 4044-DEBUG-"GET /bot1203580943:AAFBS6IOcoZ5mdZGoOZX7DUycRlWmY6ibkc/getUpdates?offset=1 HTTP/1.1" 200 23
2020-07-25 23:39:56,927 - 4044-DEBUG-"GET /bot1203580943:AAFBS6IOcoZ5mdZGoOZX7DUycRlWmY6ibkc/getUpdates?offset=1 HTTP/1.1" 200 23
2020-07-25 23:39:56,966 - 4044-INFO-bot running now in polling mode
2020-07-25 23:39:56,969 - 4044-INFO- * Running on http://127.0.0.1:5000/ (Press CTRL+C to quit)
2020-07-25 23:40:00,738 - 4044-DEBUG-"GET /bot1203580943:AAFBS6IOcoZ5mdZGoOZX7DUycRlWmY6ibkc/getUpdates?offset=1 HTTP/1.1" 200 23
2020-07-25 23:44:14,674 - 5563-INFO-Starting new HTTP connection (1): api.worldweatheronline.com
2020-07-25 23:44:15,224 - 5563-DEBUG-"GET /premium/v1/weather.ashx?q=%D0%AF%D1%80%D0%BE%D1%81%D0%BB%D0%B0%D0%B2%D0%BB%D1%8C&format=json&lang=ru&cc=no&mca=no&tp=24%20%20%20%20&num_of_days=14&key=d8150a81f587454d87283717202407 HTTP/1.1" 200 None
2020-07-25 23:44:15,309 - 5563-INFO-weather is getting from api.worldweatheronline.com
2020-07-25 23:44:15,309 - 5563-INFO-data is write to file weather.tmp
2020-07-25 23:44:15,687 - 5566-INFO-Adding job tentatively -- it will be properly scheduled when the scheduler starts
2020-07-25 23:44:15,687 - 5566-INFO-Added job "GetForecastFromAPI" to job store "default"
2020-07-25 23:44:15,688 - 5566-INFO-Scheduler started
2020-07-25 23:44:15,688 - 5566-DEBUG-Looking for jobs to run
2020-07-25 23:44:15,688 - 5566-DEBUG-Next wakeup is due at 2020-07-26 00:44:15.687246+03:00 (in 3599.998585 seconds)
2020-07-25 23:44:15,693 - 5566-INFO-Starting new HTTPS connection (1): api.telegram.org
2020-07-25 23:44:16,453 - 5566-DEBUG-"GET /bot1203580943:AAFBS6IOcoZ5mdZGoOZX7DUycRlWmY6ibkc/getUpdates?offset=1 HTTP/1.1" 200 23
2020-07-25 23:44:19,741 - 5566-DEBUG-"GET /bot1203580943:AAFBS6IOcoZ5mdZGoOZX7DUycRlWmY6ibkc/getUpdates?offset=1 HTTP/1.1" 200 23
2020-07-25 23:44:20,474 - 5566-DEBUG-"GET /bot1203580943:AAFBS6IOcoZ5mdZGoOZX7DUycRlWmY6ibkc/getUpdates?offset=1 HTTP/1.1" 200 23
2020-07-25 23:44:24,212 - 5566-DEBUG-"GET /bot1203580943:AAFBS6IOcoZ5mdZGoOZX7DUycRlWmY6ibkc/getUpdates?offset=1 HTTP/1.1" 200 23
2020-07-25 23:44:24,507 - 5566-DEBUG-"GET /bot1203580943:AAFBS6IOcoZ5mdZGoOZX7DUycRlWmY6ibkc/getUpdates?offset=1 HTTP/1.1" 200 23
2020-07-25 23:44:27,946 - 5566-DEBUG-"GET /bot1203580943:AAFBS6IOcoZ5mdZGoOZX7DUycRlWmY6ibkc/getUpdates?offset=1 HTTP/1.1" 200 23
2020-07-25 23:44:28,491 - 5566-DEBUG-"GET /bot1203580943:AAFBS6IOcoZ5mdZGoOZX7DUycRlWmY6ibkc/getUpdates?offset=1 HTTP/1.1" 200 23
2020-07-25 23:44:32,249 - 5566-DEBUG-"GET /bot1203580943:AAFBS6IOcoZ5mdZGoOZX7DUycRlWmY6ibkc/getUpdates?offset=1 HTTP/1.1" 200 23
2020-07-25 23:44:34,608 - 5566-DEBUG-"GET /bot1203580943:AAFBS6IOcoZ5mdZGoOZX7DUycRlWmY6ibkc/getUpdates?offset=1 HTTP/1.1" 200 23
2020-07-25 23:44:39,547 - 5566-DEBUG-"GET /bot1203580943:AAFBS6IOcoZ5mdZGoOZX7DUycRlWmY6ibkc/getUpdates?offset=1 HTTP/1.1" 200 23
2020-07-25 23:44:40,981 - 5566-DEBUG-"GET /bot1203580943:AAFBS6IOcoZ5mdZGoOZX7DUycRlWmY6ibkc/getUpdates?offset=1 HTTP/1.1" 200 23
2020-07-25 23:44:47,806 - 5566-DEBUG-"GET /bot1203580943:AAFBS6IOcoZ5mdZGoOZX7DUycRlWmY6ibkc/getUpdates?offset=1 HTTP/1.1" 200 23
2020-07-25 23:44:50,526 - 5566-DEBUG-"GET /bot1203580943:AAFBS6IOcoZ5mdZGoOZX7DUycRlWmY6ibkc/getUpdates?offset=1 HTTP/1.1" 200 23
2020-07-25 23:44:55,007 - 5566-DEBUG-"GET /bot1203580943:AAFBS6IOcoZ5mdZGoOZX7DUycRlWmY6ibkc/getUpdates?offset=1 HTTP/1.1" 200 23
2020-07-25 23:44:56,023 - 5566-DEBUG-"GET /bot1203580943:AAFBS6IOcoZ5mdZGoOZX7DUycRlWmY6ibkc/getUpdates?offset=1 HTTP/1.1" 200 23
2020-07-25 23:44:59,543 - 5566-DEBUG-"GET /bot1203580943:AAFBS6IOcoZ5mdZGoOZX7DUycRlWmY6ibkc/getUpdates?offset=1 HTTP/1.1" 200 23
2020-07-25 23:45:00,460 - 5566-DEBUG-"GET /bot1203580943:AAFBS6IOcoZ5mdZGoOZX7DUycRlWmY6ibkc/getUpdates?offset=1 HTTP/1.1" 200 23
2020-07-25 23:45:05,572 - 5566-DEBUG-"GET /bot1203580943:AAFBS6IOcoZ5mdZGoOZX7DUycRlWmY6ibkc/getUpdates?offset=1 HTTP/1.1" 200 23
2020-07-25 23:45:08,206 - 5566-DEBUG-"GET /bot1203580943:AAFBS6IOcoZ5mdZGoOZX7DUycRlWmY6ibkc/getUpdates?offset=1 HTTP/1.1" 200 23
2020-07-25 23:45:14,169 - 5566-DEBUG-"GET /bot1203580943:AAFBS6IOcoZ5mdZGoOZX7DUycRlWmY6ibkc/getUpdates?offset=1 HTTP/1.1" 200 23
2020-07-25 23:45:15,369 - 5566-DEBUG-"GET /bot1203580943:AAFBS6IOcoZ5mdZGoOZX7DUycRlWmY6ibkc/getUpdates?offset=1 HTTP/1.1" 200 23
2020-07-25 23:45:19,797 - 5566-DEBUG-"GET /bot1203580943:AAFBS6IOcoZ5mdZGoOZX7DUycRlWmY6ibkc/getUpdates?offset=1 HTTP/1.1" 200 23
2020-07-25 23:45:20,918 - 5566-DEBUG-"GET /bot1203580943:AAFBS6IOcoZ5mdZGoOZX7DUycRlWmY6ibkc/getUpdates?offset=1 HTTP/1.1" 200 23
2020-07-25 23:45:25,616 - 5566-DEBUG-"GET /bot1203580943:AAFBS6IOcoZ5mdZGoOZX7DUycRlWmY6ibkc/getUpdates?offset=1 HTTP/1.1" 200 23
2020-07-25 23:45:26,789 - 5566-DEBUG-"GET /bot1203580943:AAFBS6IOcoZ5mdZGoOZX7DUycRlWmY6ibkc/getUpdates?offset=1 HTTP/1.1" 200 23
2020-07-25 23:45:30,673 - 5566-DEBUG-"GET /bot1203580943:AAFBS6IOcoZ5mdZGoOZX7DUycRlWmY6ibkc/getUpdates?offset=1 HTTP/1.1" 200 23
2020-07-25 23:45:31,525 - 5566-DEBUG-"GET /bot1203580943:AAFBS6IOcoZ5mdZGoOZX7DUycRlWmY6ibkc/getUpdates?offset=1 HTTP/1.1" 200 23
2020-07-25 23:45:35,961 - 5566-DEBUG-"GET /bot1203580943:AAFBS6IOcoZ5mdZGoOZX7DUycRlWmY6ibkc/getUpdates?offset=1 HTTP/1.1" 200 23
2020-07-25 23:45:37,602 - 5566-DEBUG-"GET /bot1203580943:AAFBS6IOcoZ5mdZGoOZX7DUycRlWmY6ibkc/getUpdates?offset=1 HTTP/1.1" 200 23
2020-07-25 23:45:41,403 - 5566-DEBUG-"GET /bot1203580943:AAFBS6IOcoZ5mdZGoOZX7DUycRlWmY6ibkc/getUpdates?offset=1 HTTP/1.1" 200 23
2020-07-25 23:45:42,781 - 5566-DEBUG-"GET /bot1203580943:AAFBS6IOcoZ5mdZGoOZX7DUycRlWmY6ibkc/getUpdates?offset=1 HTTP/1.1" 200 23
2020-07-25 23:45:46,347 - 5566-DEBUG-"GET /bot1203580943:AAFBS6IOcoZ5mdZGoOZX7DUycRlWmY6ibkc/getUpdates?offset=1 HTTP/1.1" 200 23
2020-07-25 23:45:47,155 - 5566-DEBUG-"GET /bot1203580943:AAFBS6IOcoZ5mdZGoOZX7DUycRlWmY6ibkc/getUpdates?offset=1 HTTP/1.1" 200 23
2020-07-25 23:45:52,662 - 5566-DEBUG-"GET /bot1203580943:AAFBS6IOcoZ5mdZGoOZX7DUycRlWmY6ibkc/getUpdates?offset=1 HTTP/1.1" 200 23
2020-07-25 23:45:54,603 - 5566-DEBUG-"GET /bot1203580943:AAFBS6IOcoZ5mdZGoOZX7DUycRlWmY6ibkc/getUpdates?offset=1 HTTP/1.1" 200 23
2020-07-25 23:45:59,791 - 5566-DEBUG-"GET /bot1203580943:AAFBS6IOcoZ5mdZGoOZX7DUycRlWmY6ibkc/getUpdates?offset=1 HTTP/1.1" 200 23
2020-07-25 23:46:00,480 - 5566-DEBUG-"GET /bot1203580943:AAFBS6IOcoZ5mdZGoOZX7DUycRlWmY6ibkc/getUpdates?offset=1 HTTP/1.1" 200 23
2020-07-25 23:46:07,305 - 5566-DEBUG-"GET /bot1203580943:AAFBS6IOcoZ5mdZGoOZX7DUycRlWmY6ibkc/getUpdates?offset=1 HTTP/1.1" 200 23
2020-07-25 23:46:09,394 - 5566-DEBUG-"GET /bot1203580943:AAFBS6IOcoZ5mdZGoOZX7DUycRlWmY6ibkc/getUpdates?offset=1 HTTP/1.1" 200 23
2020-07-25 23:46:13,016 - 5566-DEBUG-"GET /bot1203580943:AAFBS6IOcoZ5mdZGoOZX7DUycRlWmY6ibkc/getUpdates?offset=1 HTTP/1.1" 200 23
2020-07-25 23:46:13,674 - 5566-DEBUG-"GET /bot1203580943:AAFBS6IOcoZ5mdZGoOZX7DUycRlWmY6ibkc/getUpdates?offset=1 HTTP/1.1" 200 23
2020-07-25 23:46:17,312 - 5566-DEBUG-"GET /bot1203580943:AAFBS6IOcoZ5mdZGoOZX7DUycRlWmY6ibkc/getUpdates?offset=1 HTTP/1.1" 200 23
2020-07-25 23:46:17,472 - 5566-DEBUG-"GET /bot1203580943:AAFBS6IOcoZ5mdZGoOZX7DUycRlWmY6ibkc/getUpdates?offset=1 HTTP/1.1" 200 23
2020-07-25 23:46:21,034 - 5566-DEBUG-"GET /bot1203580943:AAFBS6IOcoZ5mdZGoOZX7DUycRlWmY6ibkc/getUpdates?offset=1 HTTP/1.1" 200 23
2020-07-25 23:46:21,704 - 5566-DEBUG-"GET /bot1203580943:AAFBS6IOcoZ5mdZGoOZX7DUycRlWmY6ibkc/getUpdates?offset=1 HTTP/1.1" 200 23
2020-07-25 23:46:24,840 - 5566-DEBUG-"GET /bot1203580943:AAFBS6IOcoZ5mdZGoOZX7DUycRlWmY6ibkc/getUpdates?offset=1 HTTP/1.1" 200 23
2020-07-25 23:46:25,049 - 5566-DEBUG-"GET /bot1203580943:AAFBS6IOcoZ5mdZGoOZX7DUycRlWmY6ibkc/getUpdates?offset=1 HTTP/1.1" 200 23
2020-07-25 23:46:28,269 - 5566-DEBUG-"GET /bot1203580943:AAFBS6IOcoZ5mdZGoOZX7DUycRlWmY6ibkc/getUpdates?offset=1 HTTP/1.1" 200 23
2020-07-25 23:46:28,529 - 5566-DEBUG-"GET /bot1203580943:AAFBS6IOcoZ5mdZGoOZX7DUycRlWmY6ibkc/getUpdates?offset=1 HTTP/1.1" 200 23
2020-07-25 23:46:31,782 - 5566-DEBUG-"GET /bot1203580943:AAFBS6IOcoZ5mdZGoOZX7DUycRlWmY6ibkc/getUpdates?offset=1 HTTP/1.1" 200 23
2020-07-25 23:46:31,974 - 5566-DEBUG-"GET /bot1203580943:AAFBS6IOcoZ5mdZGoOZX7DUycRlWmY6ibkc/getUpdates?offset=1 HTTP/1.1" 200 23
2020-07-25 23:46:40,583 - 5566-DEBUG-"GET /bot1203580943:AAFBS6IOcoZ5mdZGoOZX7DUycRlWmY6ibkc/getUpdates?offset=1 HTTP/1.1" 200 23
2020-07-25 23:46:42,286 - 5566-DEBUG-"GET /bot1203580943:AAFBS6IOcoZ5mdZGoOZX7DUycRlWmY6ibkc/getUpdates?offset=1 HTTP/1.1" 200 23
2020-07-25 23:46:45,094 - 5566-DEBUG-"GET /bot1203580943:AAFBS6IOcoZ5mdZGoOZX7DUycRlWmY6ibkc/getUpdates?offset=1 HTTP/1.1" 409 143
2020-07-25 23:46:45,098 - 5566-ERROR-ApiException occurred, args=('A request to the Telegram API was unsuccessful. The server returned HTTP 409 Conflict. Response body:\n[b\'{"ok":false,"error_code":409,"description":"Conflict: terminated by other getUpdates request; make sure that only one bot instance is running"}\']',)
Traceback (most recent call last):
  File "/home/pavel/PycharmProjects/weather_bot/venv/lib/python3.8/site-packages/telebot/util.py", line 62, in run
    task(*args, **kwargs)
  File "/home/pavel/PycharmProjects/weather_bot/venv/lib/python3.8/site-packages/telebot/__init__.py", line 285, in __retrieve_updates
    updates = self.get_updates(offset=(self.last_update_id + 1), timeout=timeout)
  File "/home/pavel/PycharmProjects/weather_bot/venv/lib/python3.8/site-packages/telebot/__init__.py", line 255, in get_updates
    json_updates = apihelper.get_updates(self.token, offset, limit, timeout, allowed_updates)
  File "/home/pavel/PycharmProjects/weather_bot/venv/lib/python3.8/site-packages/telebot/apihelper.py", line 206, in get_updates
    return _make_request(token, method_url, params=payload)
  File "/home/pavel/PycharmProjects/weather_bot/venv/lib/python3.8/site-packages/telebot/apihelper.py", line 69, in _make_request
    return _check_result(method_name, result)['result']
  File "/home/pavel/PycharmProjects/weather_bot/venv/lib/python3.8/site-packages/telebot/apihelper.py", line 88, in _check_result
    raise ApiException(msg, method_name, result)
telebot.apihelper.ApiException: A request to the Telegram API was unsuccessful. The server returned HTTP 409 Conflict. Response body:
[b'{"ok":false,"error_code":409,"description":"Conflict: terminated by other getUpdates request; make sure that only one bot instance is running"}']

2020-07-25 23:46:45,099 - 5566-ERROR-A request to the Telegram API was unsuccessful. The server returned HTTP 409 Conflict. Response body:
[b'{"ok":false,"error_code":409,"description":"Conflict: terminated by other getUpdates request; make sure that only one bot instance is running"}']
2020-07-25 23:46:51,132 - 5566-DEBUG-"GET /bot1203580943:AAFBS6IOcoZ5mdZGoOZX7DUycRlWmY6ibkc/getUpdates?offset=1 HTTP/1.1" 200 23
2020-07-25 23:46:53,223 - 5566-DEBUG-"GET /bot1203580943:AAFBS6IOcoZ5mdZGoOZX7DUycRlWmY6ibkc/getUpdates?offset=1 HTTP/1.1" 200 23
2020-07-25 23:47:01,840 - 5566-DEBUG-"GET /bot1203580943:AAFBS6IOcoZ5mdZGoOZX7DUycRlWmY6ibkc/getUpdates?offset=1 HTTP/1.1" 200 23
2020-07-25 23:47:02,681 - 5566-DEBUG-"GET /bot1203580943:AAFBS6IOcoZ5mdZGoOZX7DUycRlWmY6ibkc/getUpdates?offset=1 HTTP/1.1" 200 23
2020-07-25 23:47:10,327 - 5566-DEBUG-"GET /bot1203580943:AAFBS6IOcoZ5mdZGoOZX7DUycRlWmY6ibkc/getUpdates?offset=1 HTTP/1.1" 200 23
2020-07-25 23:47:18,495 - 5566-DEBUG-"GET /bot1203580943:AAFBS6IOcoZ5mdZGoOZX7DUycRlWmY6ibkc/getUpdates?offset=1 HTTP/1.1" 200 23
2020-07-25 23:47:20,005 - 5566-DEBUG-"GET /bot1203580943:AAFBS6IOcoZ5mdZGoOZX7DUycRlWmY6ibkc/getUpdates?offset=1 HTTP/1.1" 200 23
2020-07-25 23:47:25,023 - 5566-DEBUG-"GET /bot1203580943:AAFBS6IOcoZ5mdZGoOZX7DUycRlWmY6ibkc/getUpdates?offset=1 HTTP/1.1" 200 484
2020-07-25 23:47:25,028 - 5566-INFO-Starting new HTTPS connection (1): api.telegram.org
2020-07-25 23:47:28,533 - 5566-ERROR-error sending message to 558904418 ('Connection aborted.', OSError(101, 'Network is unreachable'))
2020-07-25 23:47:29,614 - 5566-DEBUG-"GET /bot1203580943:AAFBS6IOcoZ5mdZGoOZX7DUycRlWmY6ibkc/getUpdates?offset=573132629 HTTP/1.1" 200 23
2020-07-25 23:47:32,645 - 5566-DEBUG-"GET /bot1203580943:AAFBS6IOcoZ5mdZGoOZX7DUycRlWmY6ibkc/getUpdates?offset=573132629 HTTP/1.1" 200 23
2020-07-25 23:47:37,924 - 5566-DEBUG-"GET /bot1203580943:AAFBS6IOcoZ5mdZGoOZX7DUycRlWmY6ibkc/getUpdates?offset=573132629 HTTP/1.1" 409 143
2020-07-25 23:47:37,925 - 5566-ERROR-ApiException occurred, args=('A request to the Telegram API was unsuccessful. The server returned HTTP 409 Conflict. Response body:\n[b\'{"ok":false,"error_code":409,"description":"Conflict: terminated by other getUpdates request; make sure that only one bot instance is running"}\']',)
Traceback (most recent call last):
  File "/home/pavel/PycharmProjects/weather_bot/venv/lib/python3.8/site-packages/telebot/util.py", line 62, in run
    task(*args, **kwargs)
  File "/home/pavel/PycharmProjects/weather_bot/venv/lib/python3.8/site-packages/telebot/__init__.py", line 285, in __retrieve_updates
    updates = self.get_updates(offset=(self.last_update_id + 1), timeout=timeout)
  File "/home/pavel/PycharmProjects/weather_bot/venv/lib/python3.8/site-packages/telebot/__init__.py", line 255, in get_updates
    json_updates = apihelper.get_updates(self.token, offset, limit, timeout, allowed_updates)
  File "/home/pavel/PycharmProjects/weather_bot/venv/lib/python3.8/site-packages/telebot/apihelper.py", line 206, in get_updates
    return _make_request(token, method_url, params=payload)
  File "/home/pavel/PycharmProjects/weather_bot/venv/lib/python3.8/site-packages/telebot/apihelper.py", line 69, in _make_request
    return _check_result(method_name, result)['result']
  File "/home/pavel/PycharmProjects/weather_bot/venv/lib/python3.8/site-packages/telebot/apihelper.py", line 88, in _check_result
    raise ApiException(msg, method_name, result)
telebot.apihelper.ApiException: A request to the Telegram API was unsuccessful. The server returned HTTP 409 Conflict. Response body:
[b'{"ok":false,"error_code":409,"description":"Conflict: terminated by other getUpdates request; make sure that only one bot instance is running"}']

2020-07-25 23:47:37,925 - 5566-ERROR-A request to the Telegram API was unsuccessful. The server returned HTTP 409 Conflict. Response body:
[b'{"ok":false,"error_code":409,"description":"Conflict: terminated by other getUpdates request; make sure that only one bot instance is running"}']
2020-07-25 23:47:40,797 - 5566-DEBUG-"GET /bot1203580943:AAFBS6IOcoZ5mdZGoOZX7DUycRlWmY6ibkc/getUpdates?offset=573132629 HTTP/1.1" 409 143
2020-07-25 23:47:40,798 - 5566-ERROR-ApiException occurred, args=('A request to the Telegram API was unsuccessful. The server returned HTTP 409 Conflict. Response body:\n[b\'{"ok":false,"error_code":409,"description":"Conflict: terminated by other getUpdates request; make sure that only one bot instance is running"}\']',)
Traceback (most recent call last):
  File "/home/pavel/PycharmProjects/weather_bot/venv/lib/python3.8/site-packages/telebot/util.py", line 62, in run
    task(*args, **kwargs)
  File "/home/pavel/PycharmProjects/weather_bot/venv/lib/python3.8/site-packages/telebot/__init__.py", line 285, in __retrieve_updates
    updates = self.get_updates(offset=(self.last_update_id + 1), timeout=timeout)
  File "/home/pavel/PycharmProjects/weather_bot/venv/lib/python3.8/site-packages/telebot/__init__.py", line 255, in get_updates
    json_updates = apihelper.get_updates(self.token, offset, limit, timeout, allowed_updates)
  File "/home/pavel/PycharmProjects/weather_bot/venv/lib/python3.8/site-packages/telebot/apihelper.py", line 206, in get_updates
    return _make_request(token, method_url, params=payload)
  File "/home/pavel/PycharmProjects/weather_bot/venv/lib/python3.8/site-packages/telebot/apihelper.py", line 69, in _make_request
    return _check_result(method_name, result)['result']
  File "/home/pavel/PycharmProjects/weather_bot/venv/lib/python3.8/site-packages/telebot/apihelper.py", line 88, in _check_result
    raise ApiException(msg, method_name, result)
telebot.apihelper.ApiException: A request to the Telegram API was unsuccessful. The server returned HTTP 409 Conflict. Response body:
[b'{"ok":false,"error_code":409,"description":"Conflict: terminated by other getUpdates request; make sure that only one bot instance is running"}']

2020-07-25 23:47:40,799 - 5566-ERROR-A request to the Telegram API was unsuccessful. The server returned HTTP 409 Conflict. Response body:
[b'{"ok":false,"error_code":409,"description":"Conflict: terminated by other getUpdates request; make sure that only one bot instance is running"}']
2020-07-25 23:47:48,367 - 5566-DEBUG-"GET /bot1203580943:AAFBS6IOcoZ5mdZGoOZX7DUycRlWmY6ibkc/getUpdates?offset=573132629 HTTP/1.1" 200 23
2020-07-25 23:47:49,067 - 5566-DEBUG-"GET /bot1203580943:AAFBS6IOcoZ5mdZGoOZX7DUycRlWmY6ibkc/getUpdates?offset=573132629 HTTP/1.1" 200 23
2020-07-25 23:47:49,264 - 5566-DEBUG-"GET /bot1203580943:AAFBS6IOcoZ5mdZGoOZX7DUycRlWmY6ibkc/getUpdates?offset=573132629 HTTP/1.1" 200 489
2020-07-25 23:47:49,268 - 5566-INFO-data is read from file weather.tmp
2020-07-25 23:47:49,270 - 5566-INFO-Starting new HTTPS connection (2): api.telegram.org
2020-07-25 23:47:49,523 - 5566-DEBUG-"GET /bot1203580943:AAFBS6IOcoZ5mdZGoOZX7DUycRlWmY6ibkc/getUpdates?offset=573132630 HTTP/1.1" 409 143
2020-07-25 23:47:49,524 - 5566-ERROR-ApiException occurred, args=('A request to the Telegram API was unsuccessful. The server returned HTTP 409 Conflict. Response body:\n[b\'{"ok":false,"error_code":409,"description":"Conflict: terminated by other getUpdates request; make sure that only one bot instance is running"}\']',)
Traceback (most recent call last):
  File "/home/pavel/PycharmProjects/weather_bot/venv/lib/python3.8/site-packages/telebot/util.py", line 62, in run
    task(*args, **kwargs)
  File "/home/pavel/PycharmProjects/weather_bot/venv/lib/python3.8/site-packages/telebot/__init__.py", line 285, in __retrieve_updates
    updates = self.get_updates(offset=(self.last_update_id + 1), timeout=timeout)
  File "/home/pavel/PycharmProjects/weather_bot/venv/lib/python3.8/site-packages/telebot/__init__.py", line 255, in get_updates
    json_updates = apihelper.get_updates(self.token, offset, limit, timeout, allowed_updates)
  File "/home/pavel/PycharmProjects/weather_bot/venv/lib/python3.8/site-packages/telebot/apihelper.py", line 206, in get_updates
    return _make_request(token, method_url, params=payload)
  File "/home/pavel/PycharmProjects/weather_bot/venv/lib/python3.8/site-packages/telebot/apihelper.py", line 69, in _make_request
    return _check_result(method_name, result)['result']
  File "/home/pavel/PycharmProjects/weather_bot/venv/lib/python3.8/site-packages/telebot/apihelper.py", line 88, in _check_result
    raise ApiException(msg, method_name, result)
telebot.apihelper.ApiException: A request to the Telegram API was unsuccessful. The server returned HTTP 409 Conflict. Response body:
[b'{"ok":false,"error_code":409,"description":"Conflict: terminated by other getUpdates request; make sure that only one bot instance is running"}']

2020-07-25 23:47:49,524 - 5566-ERROR-A request to the Telegram API was unsuccessful. The server returned HTTP 409 Conflict. Response body:
[b'{"ok":false,"error_code":409,"description":"Conflict: terminated by other getUpdates request; make sure that only one bot instance is running"}']
2020-07-25 23:47:49,892 - 5566-DEBUG-"POST /bot1203580943:AAFBS6IOcoZ5mdZGoOZX7DUycRlWmY6ibkc/sendPhoto?chat_id=558904418&photo=http%3A%2F%2Fcdn.worldweatheronline.com%2Fimages%2Fwsymbols01_png_64%2Fwsymbol_0009_light_rain_showers.png HTTP/1.1" 200 548
2020-07-25 23:47:50,081 - 5566-DEBUG-"POST /bot1203580943:AAFBS6IOcoZ5mdZGoOZX7DUycRlWmY6ibkc/sendMessage?chat_id=558904418&text=%D0%9C%D0%B5%D1%81%D1%82%D0%B0%D0%BC%D0%B8+%D0%B4%D0%BE%D0%B6%D0%B4%D1%8C%0A+%D0%A2%D0%BC%D0%B0%D0%BA%D1%81%3D+22C%0A+%D0%A2%D0%BC%D0%B8%D0%BD%3D+12C%0A+%D0%94%D0%B0%D0%B2%D0%BB%D0%B5%D0%BD%D0%B8%D0%B5%3D+75%D0%BC%D0%BC.%D1%80%D1%82.%D1%81%D1%82.%0A+%D0%92%D0%BB%D0%B0%D0%B6%D0%BD%D0%BE%D1%81%D1%82%D1%8C%3D+77%25 HTTP/1.1" 200 654
2020-07-25 23:47:50,082 - 5566-INFO-send message to 558904418
2020-07-25 23:47:52,914 - 5566-DEBUG-"GET /bot1203580943:AAFBS6IOcoZ5mdZGoOZX7DUycRlWmY6ibkc/getUpdates?offset=573132630 HTTP/1.1" 200 23
2020-07-25 23:47:53,072 - 5566-DEBUG-"GET /bot1203580943:AAFBS6IOcoZ5mdZGoOZX7DUycRlWmY6ibkc/getUpdates?offset=573132630 HTTP/1.1" 200 23
2020-07-25 23:47:53,303 - 5566-DEBUG-"GET /bot1203580943:AAFBS6IOcoZ5mdZGoOZX7DUycRlWmY6ibkc/getUpdates?offset=573132630 HTTP/1.1" 409 143
2020-07-25 23:47:53,304 - 5566-ERROR-ApiException occurred, args=('A request to the Telegram API was unsuccessful. The server returned HTTP 409 Conflict. Response body:\n[b\'{"ok":false,"error_code":409,"description":"Conflict: terminated by other getUpdates request; make sure that only one bot instance is running"}\']',)
Traceback (most recent call last):
  File "/home/pavel/PycharmProjects/weather_bot/venv/lib/python3.8/site-packages/telebot/util.py", line 62, in run
    task(*args, **kwargs)
  File "/home/pavel/PycharmProjects/weather_bot/venv/lib/python3.8/site-packages/telebot/__init__.py", line 285, in __retrieve_updates
    updates = self.get_updates(offset=(self.last_update_id + 1), timeout=timeout)
  File "/home/pavel/PycharmProjects/weather_bot/venv/lib/python3.8/site-packages/telebot/__init__.py", line 255, in get_updates
    json_updates = apihelper.get_updates(self.token, offset, limit, timeout, allowed_updates)
  File "/home/pavel/PycharmProjects/weather_bot/venv/lib/python3.8/site-packages/telebot/apihelper.py", line 206, in get_updates
    return _make_request(token, method_url, params=payload)
  File "/home/pavel/PycharmProjects/weather_bot/venv/lib/python3.8/site-packages/telebot/apihelper.py", line 69, in _make_request
    return _check_result(method_name, result)['result']
  File "/home/pavel/PycharmProjects/weather_bot/venv/lib/python3.8/site-packages/telebot/apihelper.py", line 88, in _check_result
    raise ApiException(msg, method_name, result)
telebot.apihelper.ApiException: A request to the Telegram API was unsuccessful. The server returned HTTP 409 Conflict. Response body:
[b'{"ok":false,"error_code":409,"description":"Conflict: terminated by other getUpdates request; make sure that only one bot instance is running"}']

2020-07-25 23:47:53,304 - 5566-ERROR-A request to the Telegram API was unsuccessful. The server returned HTTP 409 Conflict. Response body:
[b'{"ok":false,"error_code":409,"description":"Conflict: terminated by other getUpdates request; make sure that only one bot instance is running"}']
2020-07-25 23:47:56,707 - 5566-DEBUG-"GET /bot1203580943:AAFBS6IOcoZ5mdZGoOZX7DUycRlWmY6ibkc/getUpdates?offset=573132630 HTTP/1.1" 200 23
2020-07-25 23:47:56,897 - 5566-DEBUG-"GET /bot1203580943:AAFBS6IOcoZ5mdZGoOZX7DUycRlWmY6ibkc/getUpdates?offset=573132630 HTTP/1.1" 200 23
2020-07-25 23:47:57,476 - 5566-DEBUG-"GET /bot1203580943:AAFBS6IOcoZ5mdZGoOZX7DUycRlWmY6ibkc/getUpdates?offset=573132630 HTTP/1.1" 409 143
2020-07-25 23:47:57,477 - 5566-ERROR-ApiException occurred, args=('A request to the Telegram API was unsuccessful. The server returned HTTP 409 Conflict. Response body:\n[b\'{"ok":false,"error_code":409,"description":"Conflict: terminated by other getUpdates request; make sure that only one bot instance is running"}\']',)
Traceback (most recent call last):
  File "/home/pavel/PycharmProjects/weather_bot/venv/lib/python3.8/site-packages/telebot/util.py", line 62, in run
    task(*args, **kwargs)
  File "/home/pavel/PycharmProjects/weather_bot/venv/lib/python3.8/site-packages/telebot/__init__.py", line 285, in __retrieve_updates
    updates = self.get_updates(offset=(self.last_update_id + 1), timeout=timeout)
  File "/home/pavel/PycharmProjects/weather_bot/venv/lib/python3.8/site-packages/telebot/__init__.py", line 255, in get_updates
    json_updates = apihelper.get_updates(self.token, offset, limit, timeout, allowed_updates)
  File "/home/pavel/PycharmProjects/weather_bot/venv/lib/python3.8/site-packages/telebot/apihelper.py", line 206, in get_updates
    return _make_request(token, method_url, params=payload)
  File "/home/pavel/PycharmProjects/weather_bot/venv/lib/python3.8/site-packages/telebot/apihelper.py", line 69, in _make_request
    return _check_result(method_name, result)['result']
  File "/home/pavel/PycharmProjects/weather_bot/venv/lib/python3.8/site-packages/telebot/apihelper.py", line 88, in _check_result
    raise ApiException(msg, method_name, result)
telebot.apihelper.ApiException: A request to the Telegram API was unsuccessful. The server returned HTTP 409 Conflict. Response body:
[b'{"ok":false,"error_code":409,"description":"Conflict: terminated by other getUpdates request; make sure that only one bot instance is running"}']

2020-07-25 23:47:57,477 - 5566-ERROR-A request to the Telegram API was unsuccessful. The server returned HTTP 409 Conflict. Response body:
[b'{"ok":false,"error_code":409,"description":"Conflict: terminated by other getUpdates request; make sure that only one bot instance is running"}']
2020-07-25 23:48:01,225 - 5566-DEBUG-"GET /bot1203580943:AAFBS6IOcoZ5mdZGoOZX7DUycRlWmY6ibkc/getUpdates?offset=573132630 HTTP/1.1" 200 23
2020-07-25 23:48:01,424 - 5566-DEBUG-"GET /bot1203580943:AAFBS6IOcoZ5mdZGoOZX7DUycRlWmY6ibkc/getUpdates?offset=573132630 HTTP/1.1" 200 23
2020-07-25 23:48:02,380 - 5566-DEBUG-"GET /bot1203580943:AAFBS6IOcoZ5mdZGoOZX7DUycRlWmY6ibkc/getUpdates?offset=573132630 HTTP/1.1" 409 143
2020-07-25 23:48:02,381 - 5566-ERROR-ApiException occurred, args=('A request to the Telegram API was unsuccessful. The server returned HTTP 409 Conflict. Response body:\n[b\'{"ok":false,"error_code":409,"description":"Conflict: terminated by other getUpdates request; make sure that only one bot instance is running"}\']',)
Traceback (most recent call last):
  File "/home/pavel/PycharmProjects/weather_bot/venv/lib/python3.8/site-packages/telebot/util.py", line 62, in run
    task(*args, **kwargs)
  File "/home/pavel/PycharmProjects/weather_bot/venv/lib/python3.8/site-packages/telebot/__init__.py", line 285, in __retrieve_updates
    updates = self.get_updates(offset=(self.last_update_id + 1), timeout=timeout)
  File "/home/pavel/PycharmProjects/weather_bot/venv/lib/python3.8/site-packages/telebot/__init__.py", line 255, in get_updates
    json_updates = apihelper.get_updates(self.token, offset, limit, timeout, allowed_updates)
  File "/home/pavel/PycharmProjects/weather_bot/venv/lib/python3.8/site-packages/telebot/apihelper.py", line 206, in get_updates
    return _make_request(token, method_url, params=payload)
  File "/home/pavel/PycharmProjects/weather_bot/venv/lib/python3.8/site-packages/telebot/apihelper.py", line 69, in _make_request
    return _check_result(method_name, result)['result']
  File "/home/pavel/PycharmProjects/weather_bot/venv/lib/python3.8/site-packages/telebot/apihelper.py", line 88, in _check_result
    raise ApiException(msg, method_name, result)
telebot.apihelper.ApiException: A request to the Telegram API was unsuccessful. The server returned HTTP 409 Conflict. Response body:
[b'{"ok":false,"error_code":409,"description":"Conflict: terminated by other getUpdates request; make sure that only one bot instance is running"}']

2020-07-25 23:48:02,382 - 5566-ERROR-A request to the Telegram API was unsuccessful. The server returned HTTP 409 Conflict. Response body:
[b'{"ok":false,"error_code":409,"description":"Conflict: terminated by other getUpdates request; make sure that only one bot instance is running"}']
2020-07-25 23:48:05,777 - 5566-DEBUG-"GET /bot1203580943:AAFBS6IOcoZ5mdZGoOZX7DUycRlWmY6ibkc/getUpdates?offset=573132630 HTTP/1.1" 200 23
2020-07-25 23:48:05,937 - 5566-DEBUG-"GET /bot1203580943:AAFBS6IOcoZ5mdZGoOZX7DUycRlWmY6ibkc/getUpdates?offset=573132630 HTTP/1.1" 200 23
2020-07-25 23:48:08,345 - 5566-DEBUG-"GET /bot1203580943:AAFBS6IOcoZ5mdZGoOZX7DUycRlWmY6ibkc/getUpdates?offset=573132630 HTTP/1.1" 409 143
2020-07-25 23:48:08,346 - 5566-ERROR-ApiException occurred, args=('A request to the Telegram API was unsuccessful. The server returned HTTP 409 Conflict. Response body:\n[b\'{"ok":false,"error_code":409,"description":"Conflict: terminated by other getUpdates request; make sure that only one bot instance is running"}\']',)
Traceback (most recent call last):
  File "/home/pavel/PycharmProjects/weather_bot/venv/lib/python3.8/site-packages/telebot/util.py", line 62, in run
    task(*args, **kwargs)
  File "/home/pavel/PycharmProjects/weather_bot/venv/lib/python3.8/site-packages/telebot/__init__.py", line 285, in __retrieve_updates
    updates = self.get_updates(offset=(self.last_update_id + 1), timeout=timeout)
  File "/home/pavel/PycharmProjects/weather_bot/venv/lib/python3.8/site-packages/telebot/__init__.py", line 255, in get_updates
    json_updates = apihelper.get_updates(self.token, offset, limit, timeout, allowed_updates)
  File "/home/pavel/PycharmProjects/weather_bot/venv/lib/python3.8/site-packages/telebot/apihelper.py", line 206, in get_updates
    return _make_request(token, method_url, params=payload)
  File "/home/pavel/PycharmProjects/weather_bot/venv/lib/python3.8/site-packages/telebot/apihelper.py", line 69, in _make_request
    return _check_result(method_name, result)['result']
  File "/home/pavel/PycharmProjects/weather_bot/venv/lib/python3.8/site-packages/telebot/apihelper.py", line 88, in _check_result
    raise ApiException(msg, method_name, result)
telebot.apihelper.ApiException: A request to the Telegram API was unsuccessful. The server returned HTTP 409 Conflict. Response body:
[b'{"ok":false,"error_code":409,"description":"Conflict: terminated by other getUpdates request; make sure that only one bot instance is running"}']

2020-07-25 23:48:08,347 - 5566-ERROR-A request to the Telegram API was unsuccessful. The server returned HTTP 409 Conflict. Response body:
[b'{"ok":false,"error_code":409,"description":"Conflict: terminated by other getUpdates request; make sure that only one bot instance is running"}']
2020-07-25 23:48:11,765 - 5566-DEBUG-"GET /bot1203580943:AAFBS6IOcoZ5mdZGoOZX7DUycRlWmY6ibkc/getUpdates?offset=573132630 HTTP/1.1" 200 23
2020-07-25 23:48:11,939 - 5566-DEBUG-"GET /bot1203580943:AAFBS6IOcoZ5mdZGoOZX7DUycRlWmY6ibkc/getUpdates?offset=573132630 HTTP/1.1" 200 23
2020-07-25 23:48:13,003 - 5566-DEBUG-"GET /bot1203580943:AAFBS6IOcoZ5mdZGoOZX7DUycRlWmY6ibkc/getUpdates?offset=573132630 HTTP/1.1" 200 489
2020-07-25 23:48:13,007 - 5566-INFO-data is read from file weather.tmp
2020-07-25 23:48:13,009 - 5566-INFO-Starting new HTTPS connection (1): api.telegram.org
2020-07-25 23:48:13,203 - 5566-DEBUG-"GET /bot1203580943:AAFBS6IOcoZ5mdZGoOZX7DUycRlWmY6ibkc/getUpdates?offset=573132631 HTTP/1.1" 200 23
2020-07-25 23:48:13,604 - 5566-DEBUG-"POST /bot1203580943:AAFBS6IOcoZ5mdZGoOZX7DUycRlWmY6ibkc/sendPhoto?chat_id=558904418&photo=http%3A%2F%2Fcdn.worldweatheronline.com%2Fimages%2Fwsymbols01_png_64%2Fwsymbol_0009_light_rain_showers.png HTTP/1.1" 200 548
2020-07-25 23:48:13,805 - 5566-DEBUG-"POST /bot1203580943:AAFBS6IOcoZ5mdZGoOZX7DUycRlWmY6ibkc/sendMessage?chat_id=558904418&text=%D0%9C%D0%B5%D1%81%D1%82%D0%B0%D0%BC%D0%B8+%D0%B4%D0%BE%D0%B6%D0%B4%D1%8C%0A+%D0%A2%D0%BC%D0%B0%D0%BA%D1%81%3D+22C%0A+%D0%A2%D0%BC%D0%B8%D0%BD%3D+12C%0A+%D0%94%D0%B0%D0%B2%D0%BB%D0%B5%D0%BD%D0%B8%D0%B5%3D+75%D0%BC%D0%BC.%D1%80%D1%82.%D1%81%D1%82.%0A+%D0%92%D0%BB%D0%B0%D0%B6%D0%BD%D0%BE%D1%81%D1%82%D1%8C%3D+77%25 HTTP/1.1" 200 654
2020-07-25 23:48:13,806 - 5566-INFO-send message to 558904418
2020-07-25 23:48:16,041 - 5566-DEBUG-"GET /bot1203580943:AAFBS6IOcoZ5mdZGoOZX7DUycRlWmY6ibkc/getUpdates?offset=573132631 HTTP/1.1" 409 143
2020-07-25 23:48:16,043 - 5566-ERROR-ApiException occurred, args=('A request to the Telegram API was unsuccessful. The server returned HTTP 409 Conflict. Response body:\n[b\'{"ok":false,"error_code":409,"description":"Conflict: terminated by other getUpdates request; make sure that only one bot instance is running"}\']',)
Traceback (most recent call last):
  File "/home/pavel/PycharmProjects/weather_bot/venv/lib/python3.8/site-packages/telebot/util.py", line 62, in run
    task(*args, **kwargs)
  File "/home/pavel/PycharmProjects/weather_bot/venv/lib/python3.8/site-packages/telebot/__init__.py", line 285, in __retrieve_updates
    updates = self.get_updates(offset=(self.last_update_id + 1), timeout=timeout)
  File "/home/pavel/PycharmProjects/weather_bot/venv/lib/python3.8/site-packages/telebot/__init__.py", line 255, in get_updates
    json_updates = apihelper.get_updates(self.token, offset, limit, timeout, allowed_updates)
  File "/home/pavel/PycharmProjects/weather_bot/venv/lib/python3.8/site-packages/telebot/apihelper.py", line 206, in get_updates
    return _make_request(token, method_url, params=payload)
  File "/home/pavel/PycharmProjects/weather_bot/venv/lib/python3.8/site-packages/telebot/apihelper.py", line 69, in _make_request
    return _check_result(method_name, result)['result']
  File "/home/pavel/PycharmProjects/weather_bot/venv/lib/python3.8/site-packages/telebot/apihelper.py", line 88, in _check_result
    raise ApiException(msg, method_name, result)
telebot.apihelper.ApiException: A request to the Telegram API was unsuccessful. The server returned HTTP 409 Conflict. Response body:
[b'{"ok":false,"error_code":409,"description":"Conflict: terminated by other getUpdates request; make sure that only one bot instance is running"}']

2020-07-25 23:48:16,043 - 5566-ERROR-A request to the Telegram API was unsuccessful. The server returned HTTP 409 Conflict. Response body:
[b'{"ok":false,"error_code":409,"description":"Conflict: terminated by other getUpdates request; make sure that only one bot instance is running"}']
2020-07-25 23:48:16,531 - 5566-DEBUG-"GET /bot1203580943:AAFBS6IOcoZ5mdZGoOZX7DUycRlWmY6ibkc/getUpdates?offset=573132631 HTTP/1.1" 200 23
2020-07-25 23:48:19,703 - 5566-DEBUG-"GET /bot1203580943:AAFBS6IOcoZ5mdZGoOZX7DUycRlWmY6ibkc/getUpdates?offset=573132631 HTTP/1.1" 200 23
2020-07-25 23:48:19,900 - 5566-DEBUG-"GET /bot1203580943:AAFBS6IOcoZ5mdZGoOZX7DUycRlWmY6ibkc/getUpdates?offset=573132631 HTTP/1.1" 200 23
2020-07-25 23:48:20,369 - 5566-DEBUG-"GET /bot1203580943:AAFBS6IOcoZ5mdZGoOZX7DUycRlWmY6ibkc/getUpdates?offset=573132631 HTTP/1.1" 409 143
2020-07-25 23:48:20,370 - 5566-ERROR-ApiException occurred, args=('A request to the Telegram API was unsuccessful. The server returned HTTP 409 Conflict. Response body:\n[b\'{"ok":false,"error_code":409,"description":"Conflict: terminated by other getUpdates request; make sure that only one bot instance is running"}\']',)
Traceback (most recent call last):
  File "/home/pavel/PycharmProjects/weather_bot/venv/lib/python3.8/site-packages/telebot/util.py", line 62, in run
    task(*args, **kwargs)
  File "/home/pavel/PycharmProjects/weather_bot/venv/lib/python3.8/site-packages/telebot/__init__.py", line 285, in __retrieve_updates
    updates = self.get_updates(offset=(self.last_update_id + 1), timeout=timeout)
  File "/home/pavel/PycharmProjects/weather_bot/venv/lib/python3.8/site-packages/telebot/__init__.py", line 255, in get_updates
    json_updates = apihelper.get_updates(self.token, offset, limit, timeout, allowed_updates)
  File "/home/pavel/PycharmProjects/weather_bot/venv/lib/python3.8/site-packages/telebot/apihelper.py", line 206, in get_updates
    return _make_request(token, method_url, params=payload)
  File "/home/pavel/PycharmProjects/weather_bot/venv/lib/python3.8/site-packages/telebot/apihelper.py", line 69, in _make_request
    return _check_result(method_name, result)['result']
  File "/home/pavel/PycharmProjects/weather_bot/venv/lib/python3.8/site-packages/telebot/apihelper.py", line 88, in _check_result
    raise ApiException(msg, method_name, result)
telebot.apihelper.ApiException: A request to the Telegram API was unsuccessful. The server returned HTTP 409 Conflict. Response body:
[b'{"ok":false,"error_code":409,"description":"Conflict: terminated by other getUpdates request; make sure that only one bot instance is running"}']

2020-07-25 23:48:20,371 - 5566-ERROR-A request to the Telegram API was unsuccessful. The server returned HTTP 409 Conflict. Response body:
[b'{"ok":false,"error_code":409,"description":"Conflict: terminated by other getUpdates request; make sure that only one bot instance is running"}']
2020-07-25 23:48:20,769 - 5566-DEBUG-"GET /bot1203580943:AAFBS6IOcoZ5mdZGoOZX7DUycRlWmY6ibkc/getUpdates?offset=573132631 HTTP/1.1" 200 23
2020-07-25 23:48:23,938 - 5566-DEBUG-"GET /bot1203580943:AAFBS6IOcoZ5mdZGoOZX7DUycRlWmY6ibkc/getUpdates?offset=573132631 HTTP/1.1" 200 23
2020-07-25 23:48:24,086 - 5566-DEBUG-"GET /bot1203580943:AAFBS6IOcoZ5mdZGoOZX7DUycRlWmY6ibkc/getUpdates?offset=573132631 HTTP/1.1" 200 23
2020-07-25 23:48:24,537 - 5566-DEBUG-"GET /bot1203580943:AAFBS6IOcoZ5mdZGoOZX7DUycRlWmY6ibkc/getUpdates?offset=573132631 HTTP/1.1" 409 143
2020-07-25 23:48:24,538 - 5566-ERROR-ApiException occurred, args=('A request to the Telegram API was unsuccessful. The server returned HTTP 409 Conflict. Response body:\n[b\'{"ok":false,"error_code":409,"description":"Conflict: terminated by other getUpdates request; make sure that only one bot instance is running"}\']',)
Traceback (most recent call last):
  File "/home/pavel/PycharmProjects/weather_bot/venv/lib/python3.8/site-packages/telebot/util.py", line 62, in run
    task(*args, **kwargs)
  File "/home/pavel/PycharmProjects/weather_bot/venv/lib/python3.8/site-packages/telebot/__init__.py", line 285, in __retrieve_updates
    updates = self.get_updates(offset=(self.last_update_id + 1), timeout=timeout)
  File "/home/pavel/PycharmProjects/weather_bot/venv/lib/python3.8/site-packages/telebot/__init__.py", line 255, in get_updates
    json_updates = apihelper.get_updates(self.token, offset, limit, timeout, allowed_updates)
  File "/home/pavel/PycharmProjects/weather_bot/venv/lib/python3.8/site-packages/telebot/apihelper.py", line 206, in get_updates
    return _make_request(token, method_url, params=payload)
  File "/home/pavel/PycharmProjects/weather_bot/venv/lib/python3.8/site-packages/telebot/apihelper.py", line 69, in _make_request
    return _check_result(method_name, result)['result']
  File "/home/pavel/PycharmProjects/weather_bot/venv/lib/python3.8/site-packages/telebot/apihelper.py", line 88, in _check_result
    raise ApiException(msg, method_name, result)
telebot.apihelper.ApiException: A request to the Telegram API was unsuccessful. The server returned HTTP 409 Conflict. Response body:
[b'{"ok":false,"error_code":409,"description":"Conflict: terminated by other getUpdates request; make sure that only one bot instance is running"}']

2020-07-25 23:48:24,539 - 5566-ERROR-A request to the Telegram API was unsuccessful. The server returned HTTP 409 Conflict. Response body:
[b'{"ok":false,"error_code":409,"description":"Conflict: terminated by other getUpdates request; make sure that only one bot instance is running"}']
2020-07-25 23:48:24,973 - 5566-DEBUG-"GET /bot1203580943:AAFBS6IOcoZ5mdZGoOZX7DUycRlWmY6ibkc/getUpdates?offset=573132631 HTTP/1.1" 200 23
2020-07-25 23:48:28,116 - 5566-DEBUG-"GET /bot1203580943:AAFBS6IOcoZ5mdZGoOZX7DUycRlWmY6ibkc/getUpdates?offset=573132631 HTTP/1.1" 200 23
2020-07-25 23:48:28,265 - 5566-DEBUG-"GET /bot1203580943:AAFBS6IOcoZ5mdZGoOZX7DUycRlWmY6ibkc/getUpdates?offset=573132631 HTTP/1.1" 200 23
2020-07-25 23:48:28,695 - 5566-DEBUG-"GET /bot1203580943:AAFBS6IOcoZ5mdZGoOZX7DUycRlWmY6ibkc/getUpdates?offset=573132631 HTTP/1.1" 409 143
2020-07-25 23:48:28,696 - 5566-ERROR-ApiException occurred, args=('A request to the Telegram API was unsuccessful. The server returned HTTP 409 Conflict. Response body:\n[b\'{"ok":false,"error_code":409,"description":"Conflict: terminated by other getUpdates request; make sure that only one bot instance is running"}\']',)
Traceback (most recent call last):
  File "/home/pavel/PycharmProjects/weather_bot/venv/lib/python3.8/site-packages/telebot/util.py", line 62, in run
    task(*args, **kwargs)
  File "/home/pavel/PycharmProjects/weather_bot/venv/lib/python3.8/site-packages/telebot/__init__.py", line 285, in __retrieve_updates
    updates = self.get_updates(offset=(self.last_update_id + 1), timeout=timeout)
  File "/home/pavel/PycharmProjects/weather_bot/venv/lib/python3.8/site-packages/telebot/__init__.py", line 255, in get_updates
    json_updates = apihelper.get_updates(self.token, offset, limit, timeout, allowed_updates)
  File "/home/pavel/PycharmProjects/weather_bot/venv/lib/python3.8/site-packages/telebot/apihelper.py", line 206, in get_updates
    return _make_request(token, method_url, params=payload)
  File "/home/pavel/PycharmProjects/weather_bot/venv/lib/python3.8/site-packages/telebot/apihelper.py", line 69, in _make_request
    return _check_result(method_name, result)['result']
  File "/home/pavel/PycharmProjects/weather_bot/venv/lib/python3.8/site-packages/telebot/apihelper.py", line 88, in _check_result
    raise ApiException(msg, method_name, result)
telebot.apihelper.ApiException: A request to the Telegram API was unsuccessful. The server returned HTTP 409 Conflict. Response body:
[b'{"ok":false,"error_code":409,"description":"Conflict: terminated by other getUpdates request; make sure that only one bot instance is running"}']

2020-07-25 23:48:28,697 - 5566-ERROR-A request to the Telegram API was unsuccessful. The server returned HTTP 409 Conflict. Response body:
[b'{"ok":false,"error_code":409,"description":"Conflict: terminated by other getUpdates request; make sure that only one bot instance is running"}']
2020-07-25 23:48:29,115 - 5566-DEBUG-"GET /bot1203580943:AAFBS6IOcoZ5mdZGoOZX7DUycRlWmY6ibkc/getUpdates?offset=573132631 HTTP/1.1" 200 23
2020-07-25 23:48:29,119 - 5566-INFO-Resetting dropped connection: api.telegram.org
2020-07-25 23:48:32,807 - 5566-DEBUG-"GET /bot1203580943:AAFBS6IOcoZ5mdZGoOZX7DUycRlWmY6ibkc/getUpdates?offset=573132631 HTTP/1.1" 200 23
2020-07-25 23:48:32,973 - 5566-DEBUG-"GET /bot1203580943:AAFBS6IOcoZ5mdZGoOZX7DUycRlWmY6ibkc/getUpdates?offset=573132631 HTTP/1.1" 200 23
2020-07-25 23:48:33,525 - 5566-DEBUG-"GET /bot1203580943:AAFBS6IOcoZ5mdZGoOZX7DUycRlWmY6ibkc/getUpdates?offset=573132631 HTTP/1.1" 409 143
2020-07-25 23:48:33,526 - 5566-ERROR-ApiException occurred, args=('A request to the Telegram API was unsuccessful. The server returned HTTP 409 Conflict. Response body:\n[b\'{"ok":false,"error_code":409,"description":"Conflict: terminated by other getUpdates request; make sure that only one bot instance is running"}\']',)
Traceback (most recent call last):
  File "/home/pavel/PycharmProjects/weather_bot/venv/lib/python3.8/site-packages/telebot/util.py", line 62, in run
    task(*args, **kwargs)
  File "/home/pavel/PycharmProjects/weather_bot/venv/lib/python3.8/site-packages/telebot/__init__.py", line 285, in __retrieve_updates
    updates = self.get_updates(offset=(self.last_update_id + 1), timeout=timeout)
  File "/home/pavel/PycharmProjects/weather_bot/venv/lib/python3.8/site-packages/telebot/__init__.py", line 255, in get_updates
    json_updates = apihelper.get_updates(self.token, offset, limit, timeout, allowed_updates)
  File "/home/pavel/PycharmProjects/weather_bot/venv/lib/python3.8/site-packages/telebot/apihelper.py", line 206, in get_updates
    return _make_request(token, method_url, params=payload)
  File "/home/pavel/PycharmProjects/weather_bot/venv/lib/python3.8/site-packages/telebot/apihelper.py", line 69, in _make_request
    return _check_result(method_name, result)['result']
  File "/home/pavel/PycharmProjects/weather_bot/venv/lib/python3.8/site-packages/telebot/apihelper.py", line 88, in _check_result
    raise ApiException(msg, method_name, result)
telebot.apihelper.ApiException: A request to the Telegram API was unsuccessful. The server returned HTTP 409 Conflict. Response body:
[b'{"ok":false,"error_code":409,"description":"Conflict: terminated by other getUpdates request; make sure that only one bot instance is running"}']

2020-07-25 23:48:33,527 - 5566-ERROR-A request to the Telegram API was unsuccessful. The server returned HTTP 409 Conflict. Response body:
[b'{"ok":false,"error_code":409,"description":"Conflict: terminated by other getUpdates request; make sure that only one bot instance is running"}']
2020-07-25 23:48:34,056 - 5566-DEBUG-"GET /bot1203580943:AAFBS6IOcoZ5mdZGoOZX7DUycRlWmY6ibkc/getUpdates?offset=573132631 HTTP/1.1" 200 23
2020-07-25 23:48:37,222 - 5566-DEBUG-"GET /bot1203580943:AAFBS6IOcoZ5mdZGoOZX7DUycRlWmY6ibkc/getUpdates?offset=573132631 HTTP/1.1" 200 23
2020-07-25 23:48:37,370 - 5566-DEBUG-"GET /bot1203580943:AAFBS6IOcoZ5mdZGoOZX7DUycRlWmY6ibkc/getUpdates?offset=573132631 HTTP/1.1" 200 23
2020-07-25 23:48:37,768 - 5566-DEBUG-"GET /bot1203580943:AAFBS6IOcoZ5mdZGoOZX7DUycRlWmY6ibkc/getUpdates?offset=573132631 HTTP/1.1" 409 143
2020-07-25 23:48:37,769 - 5566-ERROR-ApiException occurred, args=('A request to the Telegram API was unsuccessful. The server returned HTTP 409 Conflict. Response body:\n[b\'{"ok":false,"error_code":409,"description":"Conflict: terminated by other getUpdates request; make sure that only one bot instance is running"}\']',)
Traceback (most recent call last):
  File "/home/pavel/PycharmProjects/weather_bot/venv/lib/python3.8/site-packages/telebot/util.py", line 62, in run
    task(*args, **kwargs)
  File "/home/pavel/PycharmProjects/weather_bot/venv/lib/python3.8/site-packages/telebot/__init__.py", line 285, in __retrieve_updates
    updates = self.get_updates(offset=(self.last_update_id + 1), timeout=timeout)
  File "/home/pavel/PycharmProjects/weather_bot/venv/lib/python3.8/site-packages/telebot/__init__.py", line 255, in get_updates
    json_updates = apihelper.get_updates(self.token, offset, limit, timeout, allowed_updates)
  File "/home/pavel/PycharmProjects/weather_bot/venv/lib/python3.8/site-packages/telebot/apihelper.py", line 206, in get_updates
    return _make_request(token, method_url, params=payload)
  File "/home/pavel/PycharmProjects/weather_bot/venv/lib/python3.8/site-packages/telebot/apihelper.py", line 69, in _make_request
    return _check_result(method_name, result)['result']
  File "/home/pavel/PycharmProjects/weather_bot/venv/lib/python3.8/site-packages/telebot/apihelper.py", line 88, in _check_result
    raise ApiException(msg, method_name, result)
telebot.apihelper.ApiException: A request to the Telegram API was unsuccessful. The server returned HTTP 409 Conflict. Response body:
[b'{"ok":false,"error_code":409,"description":"Conflict: terminated by other getUpdates request; make sure that only one bot instance is running"}']

2020-07-25 23:48:37,769 - 5566-ERROR-A request to the Telegram API was unsuccessful. The server returned HTTP 409 Conflict. Response body:
[b'{"ok":false,"error_code":409,"description":"Conflict: terminated by other getUpdates request; make sure that only one bot instance is running"}']
2020-07-25 23:48:38,171 - 5566-DEBUG-"GET /bot1203580943:AAFBS6IOcoZ5mdZGoOZX7DUycRlWmY6ibkc/getUpdates?offset=573132631 HTTP/1.1" 200 23
2020-07-25 23:48:41,399 - 5566-DEBUG-"GET /bot1203580943:AAFBS6IOcoZ5mdZGoOZX7DUycRlWmY6ibkc/getUpdates?offset=573132631 HTTP/1.1" 200 23
2020-07-25 23:48:41,694 - 5566-DEBUG-"GET /bot1203580943:AAFBS6IOcoZ5mdZGoOZX7DUycRlWmY6ibkc/getUpdates?offset=573132631 HTTP/1.1" 200 23
2020-07-25 23:48:42,014 - 5566-DEBUG-"GET /bot1203580943:AAFBS6IOcoZ5mdZGoOZX7DUycRlWmY6ibkc/getUpdates?offset=573132631 HTTP/1.1" 200 23
2020-07-25 23:48:42,479 - 5566-DEBUG-"GET /bot1203580943:AAFBS6IOcoZ5mdZGoOZX7DUycRlWmY6ibkc/getUpdates?offset=573132631 HTTP/1.1" 200 23
2020-07-25 23:48:42,712 - 5566-DEBUG-"GET /bot1203580943:AAFBS6IOcoZ5mdZGoOZX7DUycRlWmY6ibkc/getUpdates?offset=573132631 HTTP/1.1" 200 23
2020-07-25 23:48:42,864 - 5566-DEBUG-"GET /bot1203580943:AAFBS6IOcoZ5mdZGoOZX7DUycRlWmY6ibkc/getUpdates?offset=573132631 HTTP/1.1" 200 23
2020-07-25 23:48:43,016 - 5566-DEBUG-"GET /bot1203580943:AAFBS6IOcoZ5mdZGoOZX7DUycRlWmY6ibkc/getUpdates?offset=573132631 HTTP/1.1" 200 23
2020-07-25 23:48:43,180 - 5566-DEBUG-"GET /bot1203580943:AAFBS6IOcoZ5mdZGoOZX7DUycRlWmY6ibkc/getUpdates?offset=573132631 HTTP/1.1" 200 23
2020-07-25 23:48:43,325 - 5566-DEBUG-"GET /bot1203580943:AAFBS6IOcoZ5mdZGoOZX7DUycRlWmY6ibkc/getUpdates?offset=573132631 HTTP/1.1" 200 23
2020-07-25 23:48:43,659 - 5566-DEBUG-"GET /bot1203580943:AAFBS6IOcoZ5mdZGoOZX7DUycRlWmY6ibkc/getUpdates?offset=573132631 HTTP/1.1" 409 143
2020-07-25 23:48:43,660 - 5566-ERROR-ApiException occurred, args=('A request to the Telegram API was unsuccessful. The server returned HTTP 409 Conflict. Response body:\n[b\'{"ok":false,"error_code":409,"description":"Conflict: terminated by other getUpdates request; make sure that only one bot instance is running"}\']',)
Traceback (most recent call last):
  File "/home/pavel/PycharmProjects/weather_bot/venv/lib/python3.8/site-packages/telebot/util.py", line 62, in run
    task(*args, **kwargs)
  File "/home/pavel/PycharmProjects/weather_bot/venv/lib/python3.8/site-packages/telebot/__init__.py", line 285, in __retrieve_updates
    updates = self.get_updates(offset=(self.last_update_id + 1), timeout=timeout)
  File "/home/pavel/PycharmProjects/weather_bot/venv/lib/python3.8/site-packages/telebot/__init__.py", line 255, in get_updates
    json_updates = apihelper.get_updates(self.token, offset, limit, timeout, allowed_updates)
  File "/home/pavel/PycharmProjects/weather_bot/venv/lib/python3.8/site-packages/telebot/apihelper.py", line 206, in get_updates
    return _make_request(token, method_url, params=payload)
  File "/home/pavel/PycharmProjects/weather_bot/venv/lib/python3.8/site-packages/telebot/apihelper.py", line 69, in _make_request
    return _check_result(method_name, result)['result']
  File "/home/pavel/PycharmProjects/weather_bot/venv/lib/python3.8/site-packages/telebot/apihelper.py", line 88, in _check_result
    raise ApiException(msg, method_name, result)
telebot.apihelper.ApiException: A request to the Telegram API was unsuccessful. The server returned HTTP 409 Conflict. Response body:
[b'{"ok":false,"error_code":409,"description":"Conflict: terminated by other getUpdates request; make sure that only one bot instance is running"}']

2020-07-25 23:48:43,663 - 5566-ERROR-A request to the Telegram API was unsuccessful. The server returned HTTP 409 Conflict. Response body:
[b'{"ok":false,"error_code":409,"description":"Conflict: terminated by other getUpdates request; make sure that only one bot instance is running"}']
2020-07-25 23:48:44,243 - 5566-DEBUG-"GET /bot1203580943:AAFBS6IOcoZ5mdZGoOZX7DUycRlWmY6ibkc/getUpdates?offset=573132631 HTTP/1.1" 200 23
2020-07-25 23:48:47,430 - 5566-DEBUG-"GET /bot1203580943:AAFBS6IOcoZ5mdZGoOZX7DUycRlWmY6ibkc/getUpdates?offset=573132631 HTTP/1.1" 200 23
2020-07-25 23:48:47,579 - 5566-DEBUG-"GET /bot1203580943:AAFBS6IOcoZ5mdZGoOZX7DUycRlWmY6ibkc/getUpdates?offset=573132631 HTTP/1.1" 200 23
2020-07-25 23:48:47,962 - 5566-DEBUG-"GET /bot1203580943:AAFBS6IOcoZ5mdZGoOZX7DUycRlWmY6ibkc/getUpdates?offset=573132631 HTTP/1.1" 409 143
2020-07-25 23:48:47,963 - 5566-ERROR-ApiException occurred, args=('A request to the Telegram API was unsuccessful. The server returned HTTP 409 Conflict. Response body:\n[b\'{"ok":false,"error_code":409,"description":"Conflict: terminated by other getUpdates request; make sure that only one bot instance is running"}\']',)
Traceback (most recent call last):
  File "/home/pavel/PycharmProjects/weather_bot/venv/lib/python3.8/site-packages/telebot/util.py", line 62, in run
    task(*args, **kwargs)
  File "/home/pavel/PycharmProjects/weather_bot/venv/lib/python3.8/site-packages/telebot/__init__.py", line 285, in __retrieve_updates
    updates = self.get_updates(offset=(self.last_update_id + 1), timeout=timeout)
  File "/home/pavel/PycharmProjects/weather_bot/venv/lib/python3.8/site-packages/telebot/__init__.py", line 255, in get_updates
    json_updates = apihelper.get_updates(self.token, offset, limit, timeout, allowed_updates)
  File "/home/pavel/PycharmProjects/weather_bot/venv/lib/python3.8/site-packages/telebot/apihelper.py", line 206, in get_updates
    return _make_request(token, method_url, params=payload)
  File "/home/pavel/PycharmProjects/weather_bot/venv/lib/python3.8/site-packages/telebot/apihelper.py", line 69, in _make_request
    return _check_result(method_name, result)['result']
  File "/home/pavel/PycharmProjects/weather_bot/venv/lib/python3.8/site-packages/telebot/apihelper.py", line 88, in _check_result
    raise ApiException(msg, method_name, result)
telebot.apihelper.ApiException: A request to the Telegram API was unsuccessful. The server returned HTTP 409 Conflict. Response body:
[b'{"ok":false,"error_code":409,"description":"Conflict: terminated by other getUpdates request; make sure that only one bot instance is running"}']

2020-07-25 23:48:47,964 - 5566-ERROR-A request to the Telegram API was unsuccessful. The server returned HTTP 409 Conflict. Response body:
[b'{"ok":false,"error_code":409,"description":"Conflict: terminated by other getUpdates request; make sure that only one bot instance is running"}']
2020-07-25 23:48:48,509 - 5566-DEBUG-"GET /bot1203580943:AAFBS6IOcoZ5mdZGoOZX7DUycRlWmY6ibkc/getUpdates?offset=573132631 HTTP/1.1" 200 23
2020-07-25 23:48:51,873 - 5566-DEBUG-"GET /bot1203580943:AAFBS6IOcoZ5mdZGoOZX7DUycRlWmY6ibkc/getUpdates?offset=573132631 HTTP/1.1" 200 23
2020-07-25 23:48:52,315 - 5566-DEBUG-"GET /bot1203580943:AAFBS6IOcoZ5mdZGoOZX7DUycRlWmY6ibkc/getUpdates?offset=573132631 HTTP/1.1" 200 23
2020-07-25 23:48:52,723 - 5566-DEBUG-"GET /bot1203580943:AAFBS6IOcoZ5mdZGoOZX7DUycRlWmY6ibkc/getUpdates?offset=573132631 HTTP/1.1" 200 23
2020-07-25 23:48:53,166 - 5566-DEBUG-"GET /bot1203580943:AAFBS6IOcoZ5mdZGoOZX7DUycRlWmY6ibkc/getUpdates?offset=573132631 HTTP/1.1" 200 23
2020-07-25 23:48:54,148 - 5566-INFO-bot running now in polling mode
2020-07-25 23:48:54,151 - 5566-INFO- * Running on http://127.0.0.1:5000/ (Press CTRL+C to quit)
2020-07-25 23:48:54,178 - 5566-DEBUG-"GET /bot1203580943:AAFBS6IOcoZ5mdZGoOZX7DUycRlWmY6ibkc/getUpdates?offset=573132631 HTTP/1.1" 409 143
2020-07-25 23:48:54,179 - 5566-ERROR-ApiException occurred, args=('A request to the Telegram API was unsuccessful. The server returned HTTP 409 Conflict. Response body:\n[b\'{"ok":false,"error_code":409,"description":"Conflict: terminated by other getUpdates request; make sure that only one bot instance is running"}\']',)
Traceback (most recent call last):
  File "/home/pavel/PycharmProjects/weather_bot/venv/lib/python3.8/site-packages/telebot/util.py", line 62, in run
    task(*args, **kwargs)
  File "/home/pavel/PycharmProjects/weather_bot/venv/lib/python3.8/site-packages/telebot/__init__.py", line 285, in __retrieve_updates
    updates = self.get_updates(offset=(self.last_update_id + 1), timeout=timeout)
  File "/home/pavel/PycharmProjects/weather_bot/venv/lib/python3.8/site-packages/telebot/__init__.py", line 255, in get_updates
    json_updates = apihelper.get_updates(self.token, offset, limit, timeout, allowed_updates)
  File "/home/pavel/PycharmProjects/weather_bot/venv/lib/python3.8/site-packages/telebot/apihelper.py", line 206, in get_updates
    return _make_request(token, method_url, params=payload)
  File "/home/pavel/PycharmProjects/weather_bot/venv/lib/python3.8/site-packages/telebot/apihelper.py", line 69, in _make_request
    return _check_result(method_name, result)['result']
  File "/home/pavel/PycharmProjects/weather_bot/venv/lib/python3.8/site-packages/telebot/apihelper.py", line 88, in _check_result
    raise ApiException(msg, method_name, result)
telebot.apihelper.ApiException: A request to the Telegram API was unsuccessful. The server returned HTTP 409 Conflict. Response body:
[b'{"ok":false,"error_code":409,"description":"Conflict: terminated by other getUpdates request; make sure that only one bot instance is running"}']

2020-07-25 23:51:17,292 - 6133-INFO-Starting new HTTP connection (1): api.worldweatheronline.com
2020-07-25 23:51:21,038 - 6133-DEBUG-"GET /premium/v1/weather.ashx?q=%D0%AF%D1%80%D0%BE%D1%81%D0%BB%D0%B0%D0%B2%D0%BB%D1%8C&format=json&lang=ru&cc=no&mca=no&tp=24%20%20%20%20&num_of_days=14&key=d8150a81f587454d87283717202407 HTTP/1.1" 200 None
2020-07-25 23:51:21,107 - 6133-INFO-weather is getting from api.worldweatheronline.com
2020-07-25 23:51:21,107 - 6133-INFO-data is write to file weather.tmp
2020-07-25 23:51:21,482 - 6138-INFO-Adding job tentatively -- it will be properly scheduled when the scheduler starts
2020-07-25 23:51:21,482 - 6138-INFO-Added job "GetForecastFromAPI" to job store "default"
2020-07-25 23:51:21,482 - 6138-INFO-Scheduler started
2020-07-25 23:51:21,483 - 6138-DEBUG-Looking for jobs to run
2020-07-25 23:51:21,483 - 6138-DEBUG-Next wakeup is due at 2020-07-26 00:51:21.482105+03:00 (in 3599.998867 seconds)
2020-07-25 23:51:21,487 - 6138-INFO-Starting new HTTPS connection (1): api.telegram.org
2020-07-25 23:51:22,831 - 6138-DEBUG-"GET /bot1203580943:AAFBS6IOcoZ5mdZGoOZX7DUycRlWmY6ibkc/getUpdates?offset=1 HTTP/1.1" 200 23
2020-07-25 23:51:26,324 - 6138-DEBUG-"GET /bot1203580943:AAFBS6IOcoZ5mdZGoOZX7DUycRlWmY6ibkc/getUpdates?offset=1 HTTP/1.1" 200 23
2020-07-25 23:51:26,804 - 6138-DEBUG-"GET /bot1203580943:AAFBS6IOcoZ5mdZGoOZX7DUycRlWmY6ibkc/getUpdates?offset=1 HTTP/1.1" 200 23
2020-07-25 23:51:30,498 - 6138-DEBUG-"GET /bot1203580943:AAFBS6IOcoZ5mdZGoOZX7DUycRlWmY6ibkc/getUpdates?offset=1 HTTP/1.1" 200 23
2020-07-25 23:51:30,802 - 6138-DEBUG-"GET /bot1203580943:AAFBS6IOcoZ5mdZGoOZX7DUycRlWmY6ibkc/getUpdates?offset=1 HTTP/1.1" 200 23
2020-07-25 23:51:34,634 - 6138-DEBUG-"GET /bot1203580943:AAFBS6IOcoZ5mdZGoOZX7DUycRlWmY6ibkc/getUpdates?offset=1 HTTP/1.1" 200 23
2020-07-25 23:51:35,459 - 6138-DEBUG-"GET /bot1203580943:AAFBS6IOcoZ5mdZGoOZX7DUycRlWmY6ibkc/getUpdates?offset=1 HTTP/1.1" 200 23
2020-07-25 23:51:39,427 - 6138-DEBUG-"GET /bot1203580943:AAFBS6IOcoZ5mdZGoOZX7DUycRlWmY6ibkc/getUpdates?offset=1 HTTP/1.1" 200 23
2020-07-25 23:51:40,237 - 6138-DEBUG-"GET /bot1203580943:AAFBS6IOcoZ5mdZGoOZX7DUycRlWmY6ibkc/getUpdates?offset=1 HTTP/1.1" 200 23
2020-07-25 23:51:44,384 - 6138-DEBUG-"GET /bot1203580943:AAFBS6IOcoZ5mdZGoOZX7DUycRlWmY6ibkc/getUpdates?offset=1 HTTP/1.1" 200 23
2020-07-25 23:51:45,016 - 6138-DEBUG-"GET /bot1203580943:AAFBS6IOcoZ5mdZGoOZX7DUycRlWmY6ibkc/getUpdates?offset=1 HTTP/1.1" 200 23
2020-07-25 23:51:48,633 - 6138-DEBUG-"GET /bot1203580943:AAFBS6IOcoZ5mdZGoOZX7DUycRlWmY6ibkc/getUpdates?offset=1 HTTP/1.1" 200 23
2020-07-25 23:51:49,292 - 6138-DEBUG-"GET /bot1203580943:AAFBS6IOcoZ5mdZGoOZX7DUycRlWmY6ibkc/getUpdates?offset=1 HTTP/1.1" 200 23
2020-07-25 23:51:52,560 - 6138-DEBUG-"GET /bot1203580943:AAFBS6IOcoZ5mdZGoOZX7DUycRlWmY6ibkc/getUpdates?offset=1 HTTP/1.1" 200 23
2020-07-25 23:51:52,785 - 6138-DEBUG-"GET /bot1203580943:AAFBS6IOcoZ5mdZGoOZX7DUycRlWmY6ibkc/getUpdates?offset=1 HTTP/1.1" 200 23
2020-07-25 23:51:56,513 - 6138-DEBUG-"GET /bot1203580943:AAFBS6IOcoZ5mdZGoOZX7DUycRlWmY6ibkc/getUpdates?offset=1 HTTP/1.1" 200 23
2020-07-25 23:51:57,096 - 6138-DEBUG-"GET /bot1203580943:AAFBS6IOcoZ5mdZGoOZX7DUycRlWmY6ibkc/getUpdates?offset=1 HTTP/1.1" 200 23
2020-07-25 23:52:00,747 - 6138-DEBUG-"GET /bot1203580943:AAFBS6IOcoZ5mdZGoOZX7DUycRlWmY6ibkc/getUpdates?offset=1 HTTP/1.1" 200 23
2020-07-25 23:52:01,223 - 6138-DEBUG-"GET /bot1203580943:AAFBS6IOcoZ5mdZGoOZX7DUycRlWmY6ibkc/getUpdates?offset=1 HTTP/1.1" 200 23
2020-07-25 23:52:05,064 - 6138-DEBUG-"GET /bot1203580943:AAFBS6IOcoZ5mdZGoOZX7DUycRlWmY6ibkc/getUpdates?offset=1 HTTP/1.1" 200 23
2020-07-25 23:52:05,545 - 6138-DEBUG-"GET /bot1203580943:AAFBS6IOcoZ5mdZGoOZX7DUycRlWmY6ibkc/getUpdates?offset=1 HTTP/1.1" 200 23
2020-07-25 23:52:09,212 - 6138-DEBUG-"GET /bot1203580943:AAFBS6IOcoZ5mdZGoOZX7DUycRlWmY6ibkc/getUpdates?offset=1 HTTP/1.1" 200 23
2020-07-25 23:52:09,468 - 6138-DEBUG-"GET /bot1203580943:AAFBS6IOcoZ5mdZGoOZX7DUycRlWmY6ibkc/getUpdates?offset=1 HTTP/1.1" 200 23
2020-07-25 23:52:12,648 - 6138-DEBUG-"GET /bot1203580943:AAFBS6IOcoZ5mdZGoOZX7DUycRlWmY6ibkc/getUpdates?offset=1 HTTP/1.1" 200 23
2020-07-25 23:52:12,800 - 6138-DEBUG-"GET /bot1203580943:AAFBS6IOcoZ5mdZGoOZX7DUycRlWmY6ibkc/getUpdates?offset=1 HTTP/1.1" 200 23
2020-07-25 23:52:16,008 - 6138-DEBUG-"GET /bot1203580943:AAFBS6IOcoZ5mdZGoOZX7DUycRlWmY6ibkc/getUpdates?offset=1 HTTP/1.1" 200 23
2020-07-25 23:52:16,148 - 6138-DEBUG-"GET /bot1203580943:AAFBS6IOcoZ5mdZGoOZX7DUycRlWmY6ibkc/getUpdates?offset=1 HTTP/1.1" 200 23
2020-07-25 23:52:20,071 - 6138-DEBUG-"GET /bot1203580943:AAFBS6IOcoZ5mdZGoOZX7DUycRlWmY6ibkc/getUpdates?offset=1 HTTP/1.1" 200 23
2020-07-25 23:52:20,389 - 6138-DEBUG-"GET /bot1203580943:AAFBS6IOcoZ5mdZGoOZX7DUycRlWmY6ibkc/getUpdates?offset=1 HTTP/1.1" 200 23
2020-07-25 23:52:23,692 - 6138-DEBUG-"GET /bot1203580943:AAFBS6IOcoZ5mdZGoOZX7DUycRlWmY6ibkc/getUpdates?offset=1 HTTP/1.1" 200 23
2020-07-25 23:52:23,915 - 6138-DEBUG-"GET /bot1203580943:AAFBS6IOcoZ5mdZGoOZX7DUycRlWmY6ibkc/getUpdates?offset=1 HTTP/1.1" 200 23
2020-07-25 23:52:27,244 - 6138-DEBUG-"GET /bot1203580943:AAFBS6IOcoZ5mdZGoOZX7DUycRlWmY6ibkc/getUpdates?offset=1 HTTP/1.1" 200 23
2020-07-25 23:52:27,716 - 6138-DEBUG-"GET /bot1203580943:AAFBS6IOcoZ5mdZGoOZX7DUycRlWmY6ibkc/getUpdates?offset=1 HTTP/1.1" 200 23
2020-07-25 23:52:30,977 - 6138-DEBUG-"GET /bot1203580943:AAFBS6IOcoZ5mdZGoOZX7DUycRlWmY6ibkc/getUpdates?offset=1 HTTP/1.1" 200 23
2020-07-25 23:52:31,209 - 6138-DEBUG-"GET /bot1203580943:AAFBS6IOcoZ5mdZGoOZX7DUycRlWmY6ibkc/getUpdates?offset=1 HTTP/1.1" 200 23
2020-07-25 23:52:34,419 - 6138-DEBUG-"GET /bot1203580943:AAFBS6IOcoZ5mdZGoOZX7DUycRlWmY6ibkc/getUpdates?offset=1 HTTP/1.1" 200 23
2020-07-25 23:52:34,637 - 6138-DEBUG-"GET /bot1203580943:AAFBS6IOcoZ5mdZGoOZX7DUycRlWmY6ibkc/getUpdates?offset=1 HTTP/1.1" 200 23
2020-07-25 23:52:38,215 - 6138-DEBUG-"GET /bot1203580943:AAFBS6IOcoZ5mdZGoOZX7DUycRlWmY6ibkc/getUpdates?offset=1 HTTP/1.1" 200 23
2020-07-25 23:52:38,673 - 6138-DEBUG-"GET /bot1203580943:AAFBS6IOcoZ5mdZGoOZX7DUycRlWmY6ibkc/getUpdates?offset=1 HTTP/1.1" 200 23
2020-07-25 23:52:41,883 - 6138-DEBUG-"GET /bot1203580943:AAFBS6IOcoZ5mdZGoOZX7DUycRlWmY6ibkc/getUpdates?offset=1 HTTP/1.1" 200 23
2020-07-25 23:52:42,150 - 6138-DEBUG-"GET /bot1203580943:AAFBS6IOcoZ5mdZGoOZX7DUycRlWmY6ibkc/getUpdates?offset=1 HTTP/1.1" 200 23
2020-07-25 23:52:45,431 - 6138-DEBUG-"GET /bot1203580943:AAFBS6IOcoZ5mdZGoOZX7DUycRlWmY6ibkc/getUpdates?offset=1 HTTP/1.1" 200 23
2020-07-25 23:52:45,685 - 6138-DEBUG-"GET /bot1203580943:AAFBS6IOcoZ5mdZGoOZX7DUycRlWmY6ibkc/getUpdates?offset=1 HTTP/1.1" 200 23
2020-07-25 23:52:49,475 - 6138-DEBUG-"GET /bot1203580943:AAFBS6IOcoZ5mdZGoOZX7DUycRlWmY6ibkc/getUpdates?offset=1 HTTP/1.1" 200 23
2020-07-25 23:52:50,637 - 6138-DEBUG-"GET /bot1203580943:AAFBS6IOcoZ5mdZGoOZX7DUycRlWmY6ibkc/getUpdates?offset=1 HTTP/1.1" 200 482
2020-07-25 23:52:50,643 - 6138-INFO-Starting new HTTPS connection (1): api.telegram.org
2020-07-25 23:52:51,039 - 6138-DEBUG-"GET /bot1203580943:AAFBS6IOcoZ5mdZGoOZX7DUycRlWmY6ibkc/getUpdates?offset=573132636 HTTP/1.1" 200 23
2020-07-25 23:52:53,693 - 6138-DEBUG-"POST /bot1203580943:AAFBS6IOcoZ5mdZGoOZX7DUycRlWmY6ibkc/sendMessage?chat_id=558904418&text=%D0%AF+%D1%82%D0%B5%D0%B1%D1%8F+%D0%BD%D0%B5+%D0%BF%D0%BE%D0%BD%D0%B8%D0%BC%D0%B0%D1%8E.+%D0%9D%D0%B0%D0%BF%D0%B8%D1%88%D0%B8+%2Fhelp. HTTP/1.1" 200 546
2020-07-25 23:52:53,694 - 6138-INFO-send message to 558904418
2020-07-25 23:52:55,461 - 6138-DEBUG-"GET /bot1203580943:AAFBS6IOcoZ5mdZGoOZX7DUycRlWmY6ibkc/getUpdates?offset=573132636 HTTP/1.1" 200 23
2020-07-25 23:52:56,177 - 6138-DEBUG-"GET /bot1203580943:AAFBS6IOcoZ5mdZGoOZX7DUycRlWmY6ibkc/getUpdates?offset=573132636 HTTP/1.1" 200 23
2020-07-25 23:52:59,938 - 6138-DEBUG-"GET /bot1203580943:AAFBS6IOcoZ5mdZGoOZX7DUycRlWmY6ibkc/getUpdates?offset=573132636 HTTP/1.1" 200 23
2020-07-25 23:53:01,012 - 6138-DEBUG-"GET /bot1203580943:AAFBS6IOcoZ5mdZGoOZX7DUycRlWmY6ibkc/getUpdates?offset=573132636 HTTP/1.1" 200 23
2020-07-25 23:53:04,790 - 6138-DEBUG-"GET /bot1203580943:AAFBS6IOcoZ5mdZGoOZX7DUycRlWmY6ibkc/getUpdates?offset=573132636 HTTP/1.1" 200 23
2020-07-25 23:53:06,029 - 6138-DEBUG-"GET /bot1203580943:AAFBS6IOcoZ5mdZGoOZX7DUycRlWmY6ibkc/getUpdates?offset=573132636 HTTP/1.1" 200 23
2020-07-25 23:53:09,468 - 6138-DEBUG-"GET /bot1203580943:AAFBS6IOcoZ5mdZGoOZX7DUycRlWmY6ibkc/getUpdates?offset=573132636 HTTP/1.1" 200 23
2020-07-25 23:53:09,828 - 6138-DEBUG-"GET /bot1203580943:AAFBS6IOcoZ5mdZGoOZX7DUycRlWmY6ibkc/getUpdates?offset=573132636 HTTP/1.1" 200 23
2020-07-25 23:53:13,707 - 6138-DEBUG-"GET /bot1203580943:AAFBS6IOcoZ5mdZGoOZX7DUycRlWmY6ibkc/getUpdates?offset=573132636 HTTP/1.1" 200 23
2020-07-25 23:53:14,135 - 6138-DEBUG-"GET /bot1203580943:AAFBS6IOcoZ5mdZGoOZX7DUycRlWmY6ibkc/getUpdates?offset=573132636 HTTP/1.1" 200 23
2020-07-25 23:53:17,549 - 6138-DEBUG-"GET /bot1203580943:AAFBS6IOcoZ5mdZGoOZX7DUycRlWmY6ibkc/getUpdates?offset=573132636 HTTP/1.1" 200 23
2020-07-25 23:53:17,953 - 6138-DEBUG-"GET /bot1203580943:AAFBS6IOcoZ5mdZGoOZX7DUycRlWmY6ibkc/getUpdates?offset=573132636 HTTP/1.1" 200 23
2020-07-25 23:53:21,660 - 6138-DEBUG-"GET /bot1203580943:AAFBS6IOcoZ5mdZGoOZX7DUycRlWmY6ibkc/getUpdates?offset=573132636 HTTP/1.1" 200 23
2020-07-25 23:53:22,588 - 6138-DEBUG-"GET /bot1203580943:AAFBS6IOcoZ5mdZGoOZX7DUycRlWmY6ibkc/getUpdates?offset=573132636 HTTP/1.1" 200 23
2020-07-25 23:53:23,261 - 6138-DEBUG-"GET /bot1203580943:AAFBS6IOcoZ5mdZGoOZX7DUycRlWmY6ibkc/getUpdates?offset=573132636 HTTP/1.1" 200 489
2020-07-25 23:53:23,266 - 6138-INFO-data is read from file weather.tmp
2020-07-25 23:53:23,268 - 6138-INFO-Starting new HTTPS connection (1): api.telegram.org
2020-07-25 23:53:23,755 - 6138-DEBUG-"GET /bot1203580943:AAFBS6IOcoZ5mdZGoOZX7DUycRlWmY6ibkc/getUpdates?offset=573132637 HTTP/1.1" 200 23
2020-07-25 23:53:24,619 - 6138-DEBUG-"POST /bot1203580943:AAFBS6IOcoZ5mdZGoOZX7DUycRlWmY6ibkc/sendPhoto?chat_id=558904418&photo=http%3A%2F%2Fcdn.worldweatheronline.com%2Fimages%2Fwsymbols01_png_64%2Fwsymbol_0009_light_rain_showers.png HTTP/1.1" 200 548
2020-07-25 23:53:25,073 - 6138-DEBUG-"POST /bot1203580943:AAFBS6IOcoZ5mdZGoOZX7DUycRlWmY6ibkc/sendMessage?chat_id=558904418&text=%D0%9C%D0%B5%D1%81%D1%82%D0%B0%D0%BC%D0%B8+%D0%B4%D0%BE%D0%B6%D0%B4%D1%8C%0A+%D0%A2%D0%BC%D0%B0%D0%BA%D1%81%3D+22C%0A+%D0%A2%D0%BC%D0%B8%D0%BD%3D+12C%0A+%D0%94%D0%B0%D0%B2%D0%BB%D0%B5%D0%BD%D0%B8%D0%B5%3D+75%D0%BC%D0%BC.%D1%80%D1%82.%D1%81%D1%82.%0A+%D0%92%D0%BB%D0%B0%D0%B6%D0%BD%D0%BE%D1%81%D1%82%D1%8C%3D+77%25 HTTP/1.1" 200 654
2020-07-25 23:53:25,074 - 6138-INFO-send message to 558904418
2020-07-25 23:53:27,239 - 6138-DEBUG-"GET /bot1203580943:AAFBS6IOcoZ5mdZGoOZX7DUycRlWmY6ibkc/getUpdates?offset=573132637 HTTP/1.1" 200 23
2020-07-25 23:53:27,563 - 6138-DEBUG-"GET /bot1203580943:AAFBS6IOcoZ5mdZGoOZX7DUycRlWmY6ibkc/getUpdates?offset=573132637 HTTP/1.1" 200 23
2020-07-25 23:53:29,547 - 6138-INFO-bot running now in polling mode
2020-07-25 23:53:29,550 - 6138-INFO- * Running on http://127.0.0.1:5000/ (Press CTRL+C to quit)
2020-07-25 23:53:31,160 - 6138-DEBUG-"GET /bot1203580943:AAFBS6IOcoZ5mdZGoOZX7DUycRlWmY6ibkc/getUpdates?offset=573132637 HTTP/1.1" 200 23
2020-07-25 23:54:10,846 - 6213-INFO-Starting new HTTP connection (1): api.worldweatheronline.com
2020-07-25 23:54:11,580 - 6213-DEBUG-"GET /premium/v1/weather.ashx?q=%D0%AF%D1%80%D0%BE%D1%81%D0%BB%D0%B0%D0%B2%D0%BB%D1%8C&format=json&lang=ru&cc=no&mca=no&tp=24%20%20%20%20&num_of_days=14&key=d8150a81f587454d87283717202407 HTTP/1.1" 200 None
2020-07-25 23:54:11,658 - 6213-INFO-weather is getting from api.worldweatheronline.com
2020-07-25 23:54:11,658 - 6213-INFO-data is write to file weather.tmp
2020-07-25 23:54:12,037 - 6215-INFO-Adding job tentatively -- it will be properly scheduled when the scheduler starts
2020-07-25 23:54:12,037 - 6215-INFO-Added job "GetForecastFromAPI" to job store "default"
2020-07-25 23:54:12,037 - 6215-INFO-Scheduler started
2020-07-25 23:54:12,038 - 6215-DEBUG-Looking for jobs to run
2020-07-25 23:54:12,038 - 6215-DEBUG-Next wakeup is due at 2020-07-26 00:54:12.037003+03:00 (in 3599.998863 seconds)
2020-07-25 23:54:12,042 - 6215-INFO-Starting new HTTPS connection (1): api.telegram.org
2020-07-25 23:54:13,462 - 6215-DEBUG-"GET /bot1203580943:AAFBS6IOcoZ5mdZGoOZX7DUycRlWmY6ibkc/getUpdates?offset=1 HTTP/1.1" 200 948
2020-07-25 23:54:13,481 - 6215-INFO-Starting new HTTPS connection (1): api.telegram.org
2020-07-25 23:54:13,482 - 6215-INFO-data is read from file weather.tmp
2020-07-25 23:54:13,485 - 6215-INFO-Starting new HTTPS connection (1): api.telegram.org
2020-07-25 23:54:14,152 - 6215-DEBUG-"GET /bot1203580943:AAFBS6IOcoZ5mdZGoOZX7DUycRlWmY6ibkc/getUpdates?offset=573132639 HTTP/1.1" 200 23
2020-07-25 23:54:15,667 - 6215-DEBUG-"POST /bot1203580943:AAFBS6IOcoZ5mdZGoOZX7DUycRlWmY6ibkc/sendMessage?chat_id=558904418&text=%D0%AF+%D1%82%D0%B5%D0%B1%D1%8F+%D0%BD%D0%B5+%D0%BF%D0%BE%D0%BD%D0%B8%D0%BC%D0%B0%D1%8E.+%D0%9D%D0%B0%D0%BF%D0%B8%D1%88%D0%B8+%2Fhelp. HTTP/1.1" 200 546
2020-07-25 23:54:15,668 - 6215-INFO-send message to 558904418
2020-07-25 23:54:15,669 - 6215-DEBUG-"POST /bot1203580943:AAFBS6IOcoZ5mdZGoOZX7DUycRlWmY6ibkc/sendPhoto?chat_id=558904418&photo=http%3A%2F%2Fcdn.worldweatheronline.com%2Fimages%2Fwsymbols01_png_64%2Fwsymbol_0009_light_rain_showers.png HTTP/1.1" 200 546
2020-07-25 23:54:16,122 - 6215-DEBUG-"POST /bot1203580943:AAFBS6IOcoZ5mdZGoOZX7DUycRlWmY6ibkc/sendMessage?chat_id=558904418&text=%D0%9C%D0%B5%D1%81%D1%82%D0%B0%D0%BC%D0%B8+%D0%B4%D0%BE%D0%B6%D0%B4%D1%8C%0A+%D0%A2%D0%BC%D0%B0%D0%BA%D1%81%3D+22C%0A+%D0%A2%D0%BC%D0%B8%D0%BD%3D+12C%0A+%D0%94%D0%B0%D0%B2%D0%BB%D0%B5%D0%BD%D0%B8%D0%B5%3D+75%D0%BC%D0%BC.%D1%80%D1%82.%D1%81%D1%82.%0A+%D0%92%D0%BB%D0%B0%D0%B6%D0%BD%D0%BE%D1%81%D1%82%D1%8C%3D+77%25 HTTP/1.1" 200 654
2020-07-25 23:54:16,123 - 6215-INFO-send message to 558904418
2020-07-25 23:54:17,743 - 6215-DEBUG-"GET /bot1203580943:AAFBS6IOcoZ5mdZGoOZX7DUycRlWmY6ibkc/getUpdates?offset=573132639 HTTP/1.1" 200 23
2020-07-25 23:54:18,363 - 6215-DEBUG-"GET /bot1203580943:AAFBS6IOcoZ5mdZGoOZX7DUycRlWmY6ibkc/getUpdates?offset=573132639 HTTP/1.1" 200 23
2020-07-25 23:54:21,824 - 6215-DEBUG-"GET /bot1203580943:AAFBS6IOcoZ5mdZGoOZX7DUycRlWmY6ibkc/getUpdates?offset=573132639 HTTP/1.1" 200 23
2020-07-25 23:54:22,229 - 6215-DEBUG-"GET /bot1203580943:AAFBS6IOcoZ5mdZGoOZX7DUycRlWmY6ibkc/getUpdates?offset=573132639 HTTP/1.1" 200 23
2020-07-25 23:54:26,156 - 6215-DEBUG-"GET /bot1203580943:AAFBS6IOcoZ5mdZGoOZX7DUycRlWmY6ibkc/getUpdates?offset=573132639 HTTP/1.1" 200 23
2020-07-25 23:54:26,888 - 6215-DEBUG-"GET /bot1203580943:AAFBS6IOcoZ5mdZGoOZX7DUycRlWmY6ibkc/getUpdates?offset=573132639 HTTP/1.1" 200 23
2020-07-25 23:54:30,064 - 6215-DEBUG-"GET /bot1203580943:AAFBS6IOcoZ5mdZGoOZX7DUycRlWmY6ibkc/getUpdates?offset=573132639 HTTP/1.1" 200 23
2020-07-25 23:54:30,272 - 6215-DEBUG-"GET /bot1203580943:AAFBS6IOcoZ5mdZGoOZX7DUycRlWmY6ibkc/getUpdates?offset=573132639 HTTP/1.1" 200 23
2020-07-25 23:54:33,435 - 6215-DEBUG-"GET /bot1203580943:AAFBS6IOcoZ5mdZGoOZX7DUycRlWmY6ibkc/getUpdates?offset=573132639 HTTP/1.1" 200 23
2020-07-25 23:54:33,612 - 6215-DEBUG-"GET /bot1203580943:AAFBS6IOcoZ5mdZGoOZX7DUycRlWmY6ibkc/getUpdates?offset=573132639 HTTP/1.1" 200 23
2020-07-25 23:54:37,191 - 6215-DEBUG-"GET /bot1203580943:AAFBS6IOcoZ5mdZGoOZX7DUycRlWmY6ibkc/getUpdates?offset=573132639 HTTP/1.1" 200 23
2020-07-25 23:54:37,437 - 6215-DEBUG-"GET /bot1203580943:AAFBS6IOcoZ5mdZGoOZX7DUycRlWmY6ibkc/getUpdates?offset=573132639 HTTP/1.1" 200 23
2020-07-25 23:54:40,875 - 6215-DEBUG-"GET /bot1203580943:AAFBS6IOcoZ5mdZGoOZX7DUycRlWmY6ibkc/getUpdates?offset=573132639 HTTP/1.1" 200 23
2020-07-25 23:54:41,459 - 6215-DEBUG-"GET /bot1203580943:AAFBS6IOcoZ5mdZGoOZX7DUycRlWmY6ibkc/getUpdates?offset=573132639 HTTP/1.1" 200 23
2020-07-25 23:54:44,747 - 6215-DEBUG-"GET /bot1203580943:AAFBS6IOcoZ5mdZGoOZX7DUycRlWmY6ibkc/getUpdates?offset=573132639 HTTP/1.1" 200 23
2020-07-25 23:54:44,952 - 6215-DEBUG-"GET /bot1203580943:AAFBS6IOcoZ5mdZGoOZX7DUycRlWmY6ibkc/getUpdates?offset=573132639 HTTP/1.1" 200 23
2020-07-25 23:54:48,198 - 6215-DEBUG-"GET /bot1203580943:AAFBS6IOcoZ5mdZGoOZX7DUycRlWmY6ibkc/getUpdates?offset=573132639 HTTP/1.1" 200 23
2020-07-25 23:54:48,475 - 6215-DEBUG-"GET /bot1203580943:AAFBS6IOcoZ5mdZGoOZX7DUycRlWmY6ibkc/getUpdates?offset=573132639 HTTP/1.1" 200 23
2020-07-25 23:54:51,829 - 6215-DEBUG-"GET /bot1203580943:AAFBS6IOcoZ5mdZGoOZX7DUycRlWmY6ibkc/getUpdates?offset=573132639 HTTP/1.1" 200 23
2020-07-25 23:54:52,044 - 6215-DEBUG-"GET /bot1203580943:AAFBS6IOcoZ5mdZGoOZX7DUycRlWmY6ibkc/getUpdates?offset=573132639 HTTP/1.1" 200 23
2020-07-25 23:54:55,565 - 6215-DEBUG-"GET /bot1203580943:AAFBS6IOcoZ5mdZGoOZX7DUycRlWmY6ibkc/getUpdates?offset=573132639 HTTP/1.1" 200 23
2020-07-25 23:54:55,722 - 6215-DEBUG-"GET /bot1203580943:AAFBS6IOcoZ5mdZGoOZX7DUycRlWmY6ibkc/getUpdates?offset=573132639 HTTP/1.1" 200 23
2020-07-25 23:54:59,444 - 6215-DEBUG-"GET /bot1203580943:AAFBS6IOcoZ5mdZGoOZX7DUycRlWmY6ibkc/getUpdates?offset=573132639 HTTP/1.1" 200 23
2020-07-25 23:54:59,759 - 6215-DEBUG-"GET /bot1203580943:AAFBS6IOcoZ5mdZGoOZX7DUycRlWmY6ibkc/getUpdates?offset=573132639 HTTP/1.1" 200 23
2020-07-25 23:55:03,248 - 6215-DEBUG-"GET /bot1203580943:AAFBS6IOcoZ5mdZGoOZX7DUycRlWmY6ibkc/getUpdates?offset=573132639 HTTP/1.1" 200 23
2020-07-25 23:55:03,707 - 6215-DEBUG-"GET /bot1203580943:AAFBS6IOcoZ5mdZGoOZX7DUycRlWmY6ibkc/getUpdates?offset=573132639 HTTP/1.1" 200 23
2020-07-25 23:55:04,874 - 6215-INFO-bot running now in polling mode
2020-07-25 23:55:04,877 - 6215-INFO- * Running on http://127.0.0.1:5000/ (Press CTRL+C to quit)
2020-07-25 23:55:07,128 - 6215-DEBUG-"GET /bot1203580943:AAFBS6IOcoZ5mdZGoOZX7DUycRlWmY6ibkc/getUpdates?offset=573132639 HTTP/1.1" 200 23
